TN:
SF:services/gpu-autoscale.js
FN:24,getInstanceState
FN:36,startInstance
FN:49,(anonymous_2)
FN:58,(anonymous_3)
FN:82,(anonymous_4)
FN:102,(anonymous_5)
FN:123,stopInstance
FN:130,ensureReady
FN:152,(anonymous_8)
FN:202,(anonymous_9)
FN:214,isFunASRReachable
FN:243,runPreflightCheck
FN:285,recordActivity
FN:294,autoShutdown
FN:318,checkActiveJobs
FN:353,warmUpGPU
FNF:16
FNH:16
FNDA:167,getInstanceState
FNDA:9,startInstance
FNDA:22,(anonymous_2)
FNDA:9,(anonymous_3)
FNDA:109,(anonymous_4)
FNDA:2,(anonymous_5)
FNDA:8,stopInstance
FNDA:14,ensureReady
FNDA:1,(anonymous_8)
FNDA:20,(anonymous_9)
FNDA:40,isFunASRReachable
FNDA:11,runPreflightCheck
FNDA:8,recordActivity
FNDA:5,autoShutdown
FNDA:5,checkActiveJobs
FNDA:10,warmUpGPU
DA:1,1
DA:2,1
DA:3,1
DA:4,1
DA:5,1
DA:7,1
DA:9,1
DA:10,1
DA:11,1
DA:12,1
DA:13,1
DA:14,1
DA:15,1
DA:17,1
DA:18,1
DA:20,1
DA:21,1
DA:25,167
DA:28,162
DA:29,162
DA:30,1
DA:32,161
DA:37,9
DA:38,9
DA:41,9
DA:42,18
DA:43,18
DA:44,18
DA:47,5
DA:48,5
DA:49,22
DA:50,22
DA:51,22
DA:52,22
DA:54,1
DA:56,14
DA:57,9
DA:58,9
DA:59,9
DA:60,9
DA:63,5
DA:64,5
DA:69,5
DA:71,5
DA:72,11
DA:73,11
DA:76,11
DA:77,8
DA:78,7
DA:79,7
DA:81,7
DA:82,109
DA:83,109
DA:84,109
DA:85,108
DA:90,2
DA:91,2
DA:97,2
DA:100,2
DA:101,2
DA:102,2
DA:103,2
DA:104,2
DA:105,2
DA:106,2
DA:107,2
DA:110,0
DA:112,9
DA:113,9
DA:114,9
DA:119,3
DA:124,8
DA:125,8
DA:126,8
DA:132,14
DA:133,14
DA:134,5
DA:137,5
DA:139,3
DA:143,9
DA:144,8
DA:146,8
DA:147,1
DA:148,7
DA:150,1
DA:151,1
DA:152,1
DA:153,1
DA:154,1
DA:155,0
DA:157,1
DA:158,6
DA:159,1
DA:164,7
DA:165,7
DA:166,7
DA:168,7
DA:169,26
DA:170,26
DA:172,26
DA:173,6
DA:174,6
DA:177,6
DA:179,6
DA:184,20
DA:186,20
DA:187,20
DA:194,0
DA:195,0
DA:202,20
DA:205,1
DA:206,1
DA:211,1
DA:215,40
DA:216,40
DA:217,11
DA:218,10
DA:220,1
DA:223,29
DA:224,26
DA:227,3
DA:228,3
DA:229,2
DA:230,1
DA:232,1
DA:234,1
DA:235,1
DA:237,0
DA:244,11
DA:245,11
DA:246,11
DA:247,11
DA:249,11
DA:250,11
DA:262,9
DA:263,9
DA:266,9
DA:267,1
DA:270,2
DA:273,2
DA:274,1
DA:275,1
DA:279,1
DA:280,1
DA:286,8
DA:287,8
DA:288,8
DA:290,8
DA:295,5
DA:296,5
DA:297,5
DA:298,2
DA:299,2
DA:300,2
DA:303,3
DA:304,2
DA:305,1
DA:306,1
DA:309,1
DA:310,1
DA:312,1
DA:319,5
DA:320,5
DA:321,5
DA:345,4
DA:347,1
DA:348,1
DA:354,10
DA:355,10
DA:356,9
DA:357,1
DA:358,1
DA:360,8
DA:361,1
DA:362,1
DA:364,7
DA:365,7
DA:367,4
DA:372,1
LF:179
LH:174
BRDA:9,0,0,1
BRDA:9,0,1,1
BRDA:10,1,0,1
BRDA:10,1,1,1
BRDA:11,2,0,1
BRDA:11,2,1,1
BRDA:13,3,0,1
BRDA:13,3,1,1
BRDA:14,4,0,1
BRDA:14,4,1,0
BRDA:15,5,0,1
BRDA:15,5,1,1
BRDA:29,6,0,1
BRDA:29,6,1,161
BRDA:52,7,0,4
BRDA:52,7,1,18
BRDA:56,8,0,9
BRDA:56,8,1,5
BRDA:56,9,0,14
BRDA:56,9,1,13
BRDA:77,10,0,7
BRDA:77,10,1,1
BRDA:84,11,0,1
BRDA:84,11,1,108
BRDA:85,12,0,6
BRDA:85,12,1,102
BRDA:105,13,0,2
BRDA:105,13,1,0
BRDA:133,14,0,5
BRDA:133,14,1,9
BRDA:146,15,0,1
BRDA:146,15,1,7
BRDA:148,16,0,1
BRDA:148,16,1,6
BRDA:154,17,0,1
BRDA:154,17,1,0
BRDA:155,18,0,0
BRDA:155,18,1,0
BRDA:158,19,0,1
BRDA:158,19,1,5
BRDA:158,20,0,6
BRDA:158,20,1,1
BRDA:172,21,0,6
BRDA:172,21,1,20
BRDA:184,22,0,20
BRDA:184,22,1,0
BRDA:217,23,0,10
BRDA:217,23,1,1
BRDA:223,24,0,26
BRDA:223,24,1,3
BRDA:223,25,0,29
BRDA:223,25,1,4
BRDA:229,26,0,1
BRDA:229,26,1,1
BRDA:234,27,0,1
BRDA:234,27,1,0
BRDA:234,28,0,1
BRDA:234,28,1,1
BRDA:244,29,0,11
BRDA:244,29,1,11
BRDA:266,30,0,1
BRDA:266,30,1,8
BRDA:270,31,0,2
BRDA:270,31,1,1
BRDA:270,32,0,2
BRDA:270,32,1,2
BRDA:273,33,0,1
BRDA:273,33,1,1
BRDA:273,34,0,2
BRDA:273,34,1,1
BRDA:287,35,0,7
BRDA:287,35,1,1
BRDA:290,36,0,8
BRDA:290,36,1,0
BRDA:297,37,0,2
BRDA:297,37,1,3
BRDA:304,38,0,1
BRDA:304,38,1,1
BRDA:345,39,0,4
BRDA:345,39,1,3
BRDA:345,40,0,4
BRDA:345,40,1,3
BRDA:356,41,0,1
BRDA:356,41,1,8
BRDA:360,42,0,1
BRDA:360,42,1,7
BRF:86
BRH:78
end_of_record
TN:
SF:services/logger.js
FN:7,fmt
FN:13,(anonymous_1)
FN:14,(anonymous_2)
FN:15,(anonymous_3)
FNF:4
FNH:4
FNDA:175,fmt
FNDA:142,(anonymous_1)
FNDA:29,(anonymous_2)
FNDA:4,(anonymous_3)
DA:5,1
DA:8,175
DA:12,1
DA:13,142
DA:14,29
DA:15,4
DA:21,1
LF:7
LH:7
BRDA:5,0,0,1
BRDA:5,0,1,1
BRDA:7,1,0,7
BRDA:16,2,0,0
BRDA:16,2,1,4
BRF:5
BRH:4
end_of_record
