<?xml version="1.0" encoding="UTF-8"?>
<coverage generated="1772277426108" clover="3.2.0">
  <project timestamp="1772277426108" name="All files">
    <metrics statements="52" coveredstatements="42" conditionals="36" coveredconditionals="31" methods="6" coveredmethods="6" elements="94" coveredelements="79" complexity="0" loc="52" ncloc="52" packages="1" files="2" classes="2"/>
    <file name="bedrock.js" path="/home/qiankai/projects/meeting-minutes/services/bedrock.js">
      <metrics statements="41" coveredstatements="31" conditionals="34" coveredconditionals="29" methods="4" coveredmethods="4"/>
      <line num="4" count="13" type="stmt"/>
      <line num="6" count="13" type="stmt"/>
      <line num="10" count="13" type="stmt"/>
      <line num="13" count="49" type="stmt"/>
      <line num="14" count="49" type="cond" truecount="4" falsecount="0"/>
      <line num="15" count="5" type="stmt"/>
      <line num="16" count="3" type="stmt"/>
      <line num="17" count="46" type="cond" truecount="2" falsecount="0"/>
      <line num="18" count="4" type="stmt"/>
      <line num="21" count="49" type="cond" truecount="2" falsecount="0"/>
      <line num="25" count="49" type="cond" truecount="2" falsecount="0"/>
      <line num="26" count="2" type="cond" truecount="2" falsecount="0"/>
      <line num="29" count="2" type="stmt"/>
      <line num="50" count="47" type="cond" truecount="2" falsecount="0"/>
      <line num="51" count="7" type="stmt"/>
      <line num="93" count="40" type="cond" truecount="2" falsecount="0"/>
      <line num="94" count="3" type="stmt"/>
      <line num="113" count="37" type="cond" truecount="2" falsecount="0"/>
      <line num="114" count="7" type="stmt"/>
      <line num="173" count="30" type="stmt"/>
      <line num="201" count="10" type="stmt"/>
      <line num="202" count="10" type="stmt"/>
      <line num="205" count="10" type="cond" truecount="2" falsecount="2"/>
      <line num="206" count="0" type="stmt"/>
      <line num="207" count="0" type="stmt"/>
      <line num="208" count="0" type="stmt"/>
      <line num="209" count="0" type="stmt"/>
      <line num="210" count="0" type="stmt"/>
      <line num="214" count="10" type="cond" truecount="2" falsecount="2"/>
      <line num="215" count="0" type="stmt"/>
      <line num="216" count="0" type="stmt"/>
      <line num="217" count="0" type="stmt"/>
      <line num="218" count="0" type="stmt"/>
      <line num="219" count="0" type="stmt"/>
      <line num="222" count="10" type="stmt"/>
      <line num="226" count="10" type="stmt"/>
      <line num="227" count="10" type="stmt"/>
      <line num="229" count="10" type="stmt"/>
      <line num="242" count="8" type="stmt"/>
      <line num="243" count="7" type="stmt"/>
      <line num="246" count="13" type="stmt"/>
    </file>
    <file name="s3.js" path="/home/qiankai/projects/meeting-minutes/services/s3.js">
      <metrics statements="11" coveredstatements="11" conditionals="2" coveredconditionals="2" methods="2" coveredmethods="2"/>
      <line num="1" count="8" type="stmt"/>
      <line num="3" count="8" type="stmt"/>
      <line num="4" count="8" type="stmt"/>
      <line num="5" count="8" type="stmt"/>
      <line num="8" count="4" type="stmt"/>
      <line num="9" count="4" type="stmt"/>
      <line num="15" count="3" type="stmt"/>
      <line num="19" count="5" type="cond" truecount="2" falsecount="0"/>
      <line num="20" count="5" type="stmt"/>
      <line num="24" count="3" type="stmt"/>
      <line num="27" count="8" type="stmt"/>
    </file>
  </project>
</coverage>
