{"/home/qiankai/projects/meeting-minutes/routes/glossary.js": {"path":"/home/qiankai/projects/meeting-minutes/routes/glossary.js","statementMap":{"0":{"start":{"line":1,"column":19},"end":{"line":1,"column":37}},"1":{"start":{"line":2,"column":15},"end":{"line":2,"column":32}},"2":{"start":{"line":3,"column":22},"end":{"line":3,"column":47}},"3":{"start":{"line":9,"column":4},"end":{"line":9,"column":36}},"4":{"start":{"line":11,"column":15},"end":{"line":11,"column":23}},"5":{"start":{"line":12,"column":14},"end":{"line":12,"column":40}},"6":{"start":{"line":16,"column":13},"end":{"line":16,"column":26}},"7":{"start":{"line":17,"column":2},"end":{"line":19,"column":3}},"8":{"start":{"line":18,"column":4},"end":{"line":18,"column":100}},"9":{"start":{"line":20,"column":2},"end":{"line":20,"column":9}},"10":{"start":{"line":22,"column":0},"end":{"line":22,"column":36}},"11":{"start":{"line":25,"column":0},"end":{"line":32,"column":3}},"12":{"start":{"line":26,"column":2},"end":{"line":31,"column":3}},"13":{"start":{"line":27,"column":22},"end":{"line":27,"column":81}},"14":{"start":{"line":28,"column":4},"end":{"line":28,"column":26}},"15":{"start":{"line":30,"column":4},"end":{"line":30,"column":14}},"16":{"start":{"line":35,"column":0},"end":{"line":50,"column":3}},"17":{"start":{"line":36,"column":2},"end":{"line":49,"column":3}},"18":{"start":{"line":37,"column":42},"end":{"line":37,"column":50}},"19":{"start":{"line":38,"column":17},"end":{"line":41,"column":5}},"20":{"start":{"line":42,"column":4},"end":{"line":42,"column":45}},"21":{"start":{"line":42,"column":28},"end":{"line":42,"column":45}},"22":{"start":{"line":43,"column":4},"end":{"line":43,"column":63}},"23":{"start":{"line":43,"column":34},"end":{"line":43,"column":63}},"24":{"start":{"line":44,"column":4},"end":{"line":44,"column":54}},"25":{"start":{"line":44,"column":31},"end":{"line":44,"column":54}},"26":{"start":{"line":45,"column":4},"end":{"line":45,"column":75}},"27":{"start":{"line":46,"column":4},"end":{"line":46,"column":31}},"28":{"start":{"line":48,"column":4},"end":{"line":48,"column":14}},"29":{"start":{"line":53,"column":0},"end":{"line":94,"column":3}},"30":{"start":{"line":54,"column":2},"end":{"line":93,"column":3}},"31":{"start":{"line":55,"column":4},"end":{"line":57,"column":5}},"32":{"start":{"line":56,"column":6},"end":{"line":56,"column":100}},"33":{"start":{"line":58,"column":42},"end":{"line":58,"column":50}},"34":{"start":{"line":59,"column":24},"end":{"line":59,"column":26}},"35":{"start":{"line":60,"column":18},"end":{"line":60,"column":20}},"36":{"start":{"line":61,"column":19},"end":{"line":61,"column":21}},"37":{"start":{"line":63,"column":4},"end":{"line":67,"column":5}},"38":{"start":{"line":64,"column":6},"end":{"line":64,"column":34}},"39":{"start":{"line":65,"column":6},"end":{"line":65,"column":27}},"40":{"start":{"line":66,"column":6},"end":{"line":66,"column":26}},"41":{"start":{"line":68,"column":4},"end":{"line":72,"column":5}},"42":{"start":{"line":69,"column":6},"end":{"line":69,"column":34}},"43":{"start":{"line":70,"column":6},"end":{"line":70,"column":33}},"44":{"start":{"line":71,"column":6},"end":{"line":71,"column":32}},"45":{"start":{"line":73,"column":4},"end":{"line":77,"column":5}},"46":{"start":{"line":74,"column":6},"end":{"line":74,"column":34}},"47":{"start":{"line":75,"column":6},"end":{"line":75,"column":30}},"48":{"start":{"line":76,"column":6},"end":{"line":76,"column":29}},"49":{"start":{"line":79,"column":4},"end":{"line":79,"column":39}},"50":{"start":{"line":80,"column":4},"end":{"line":80,"column":44}},"51":{"start":{"line":82,"column":27},"end":{"line":89,"column":7}},"52":{"start":{"line":90,"column":4},"end":{"line":90,"column":25}},"53":{"start":{"line":92,"column":4},"end":{"line":92,"column":14}},"54":{"start":{"line":97,"column":0},"end":{"line":107,"column":3}},"55":{"start":{"line":98,"column":2},"end":{"line":106,"column":3}},"56":{"start":{"line":99,"column":4},"end":{"line":102,"column":8}},"57":{"start":{"line":103,"column":4},"end":{"line":103,"column":26}},"58":{"start":{"line":105,"column":4},"end":{"line":105,"column":14}},"59":{"start":{"line":109,"column":0},"end":{"line":109,"column":24}}},"fnMap":{"0":{"name":"validateIdParam","decl":{"start":{"line":15,"column":9},"end":{"line":15,"column":24}},"loc":{"start":{"line":15,"column":41},"end":{"line":21,"column":1}},"line":15},"1":{"name":"(anonymous_1)","decl":{"start":{"line":25,"column":16},"end":{"line":25,"column":17}},"loc":{"start":{"line":25,"column":43},"end":{"line":32,"column":1}},"line":25},"2":{"name":"(anonymous_2)","decl":{"start":{"line":35,"column":17},"end":{"line":35,"column":18}},"loc":{"start":{"line":35,"column":43},"end":{"line":50,"column":1}},"line":35},"3":{"name":"(anonymous_3)","decl":{"start":{"line":53,"column":19},"end":{"line":53,"column":20}},"loc":{"start":{"line":53,"column":45},"end":{"line":94,"column":1}},"line":53},"4":{"name":"(anonymous_4)","decl":{"start":{"line":97,"column":22},"end":{"line":97,"column":23}},"loc":{"start":{"line":97,"column":48},"end":{"line":107,"column":1}},"line":97}},"branchMap":{"0":{"loc":{"start":{"line":17,"column":2},"end":{"line":19,"column":3}},"type":"if","locations":[{"start":{"line":17,"column":2},"end":{"line":19,"column":3}},{"start":{},"end":{}}],"line":17},"1":{"loc":{"start":{"line":17,"column":6},"end":{"line":17,"column":54}},"type":"binary-expr","locations":[{"start":{"line":17,"column":6},"end":{"line":17,"column":9}},{"start":{"line":17,"column":13},"end":{"line":17,"column":35}},{"start":{"line":17,"column":39},"end":{"line":17,"column":54}}],"line":17},"2":{"loc":{"start":{"line":28,"column":13},"end":{"line":28,"column":24}},"type":"binary-expr","locations":[{"start":{"line":28,"column":13},"end":{"line":28,"column":18}},{"start":{"line":28,"column":22},"end":{"line":28,"column":24}}],"line":28},"3":{"loc":{"start":{"line":42,"column":4},"end":{"line":42,"column":45}},"type":"if","locations":[{"start":{"line":42,"column":4},"end":{"line":42,"column":45}},{"start":{},"end":{}}],"line":42},"4":{"loc":{"start":{"line":43,"column":4},"end":{"line":43,"column":63}},"type":"if","locations":[{"start":{"line":43,"column":4},"end":{"line":43,"column":63}},{"start":{},"end":{}}],"line":43},"5":{"loc":{"start":{"line":44,"column":4},"end":{"line":44,"column":54}},"type":"if","locations":[{"start":{"line":44,"column":4},"end":{"line":44,"column":54}},{"start":{},"end":{}}],"line":44},"6":{"loc":{"start":{"line":55,"column":4},"end":{"line":57,"column":5}},"type":"if","locations":[{"start":{"line":55,"column":4},"end":{"line":57,"column":5}},{"start":{},"end":{}}],"line":55},"7":{"loc":{"start":{"line":55,"column":8},"end":{"line":55,"column":85}},"type":"binary-expr","locations":[{"start":{"line":55,"column":8},"end":{"line":55,"column":35}},{"start":{"line":55,"column":39},"end":{"line":55,"column":61}},{"start":{"line":55,"column":65},"end":{"line":55,"column":85}}],"line":55},"8":{"loc":{"start":{"line":63,"column":4},"end":{"line":67,"column":5}},"type":"if","locations":[{"start":{"line":63,"column":4},"end":{"line":67,"column":5}},{"start":{},"end":{}}],"line":63},"9":{"loc":{"start":{"line":68,"column":4},"end":{"line":72,"column":5}},"type":"if","locations":[{"start":{"line":68,"column":4},"end":{"line":72,"column":5}},{"start":{},"end":{}}],"line":68},"10":{"loc":{"start":{"line":73,"column":4},"end":{"line":77,"column":5}},"type":"if","locations":[{"start":{"line":73,"column":4},"end":{"line":77,"column":5}},{"start":{},"end":{}}],"line":73},"11":{"loc":{"start":{"line":86,"column":32},"end":{"line":86,"column":77}},"type":"cond-expr","locations":[{"start":{"line":86,"column":60},"end":{"line":86,"column":65}},{"start":{"line":86,"column":68},"end":{"line":86,"column":77}}],"line":86}},"s":{"0":3,"1":3,"2":3,"3":3,"4":3,"5":3,"6":3,"7":3,"8":0,"9":3,"10":3,"11":3,"12":0,"13":0,"14":0,"15":0,"16":3,"17":0,"18":0,"19":0,"20":0,"21":0,"22":0,"23":0,"24":0,"25":0,"26":0,"27":0,"28":0,"29":3,"30":3,"31":3,"32":1,"33":2,"34":2,"35":2,"36":2,"37":2,"38":2,"39":2,"40":2,"41":2,"42":2,"43":2,"44":2,"45":2,"46":2,"47":2,"48":2,"49":2,"50":2,"51":2,"52":2,"53":0,"54":3,"55":0,"56":0,"57":0,"58":0,"59":3},"f":{"0":3,"1":0,"2":0,"3":3,"4":0},"b":{"0":[0,3],"1":[3,3,3],"2":[0,0],"3":[0,0],"4":[0,0],"5":[0,0],"6":[1,2],"7":[3,2,2],"8":[2,0],"9":[2,0],"10":[2,0],"11":[2,0]},"_coverageSchema":"1a1c01bbd47fc00a2c39e90264f33305004495a9","hash":"a9c9b61431ad42aa2e2371550f31799f9121efcd"}
,"/home/qiankai/projects/meeting-minutes/routes/meetings/core.js": {"path":"/home/qiankai/projects/meeting-minutes/routes/meetings/core.js","statementMap":{"0":{"start":{"line":1,"column":15},"end":{"line":1,"column":32}},"1":{"start":{"line":2,"column":11},"end":{"line":2,"column":24}},"2":{"start":{"line":3,"column":22},"end":{"line":3,"column":50}},"3":{"start":{"line":9,"column":4},"end":{"line":9,"column":36}},"4":{"start":{"line":10,"column":32},"end":{"line":10,"column":60}},"5":{"start":{"line":11,"column":24},"end":{"line":11,"column":53}},"6":{"start":{"line":12,"column":15},"end":{"line":12,"column":47}},"7":{"start":{"line":18,"column":4},"end":{"line":18,"column":24}},"8":{"start":{"line":22,"column":2},"end":{"line":48,"column":5}},"9":{"start":{"line":23,"column":4},"end":{"line":47,"column":5}},"10":{"start":{"line":24,"column":24},"end":{"line":24,"column":83}},"11":{"start":{"line":25,"column":18},"end":{"line":25,"column":29}},"12":{"start":{"line":27,"column":18},"end":{"line":27,"column":27}},"13":{"start":{"line":28,"column":6},"end":{"line":41,"column":7}},"14":{"start":{"line":29,"column":25},"end":{"line":29,"column":48}},"15":{"start":{"line":30,"column":8},"end":{"line":40,"column":9}},"16":{"start":{"line":31,"column":10},"end":{"line":31,"column":40}},"17":{"start":{"line":33,"column":35},"end":{"line":33,"column":53}},"18":{"start":{"line":34,"column":31},"end":{"line":34,"column":45}},"19":{"start":{"line":35,"column":10},"end":{"line":39,"column":11}},"20":{"start":{"line":36,"column":12},"end":{"line":36,"column":42}},"21":{"start":{"line":37,"column":17},"end":{"line":39,"column":11}},"22":{"start":{"line":38,"column":12},"end":{"line":38,"column":42}},"23":{"start":{"line":43,"column":22},"end":{"line":43,"column":101}},"24":{"start":{"line":43,"column":62},"end":{"line":43,"column":100}},"25":{"start":{"line":44,"column":6},"end":{"line":44,"column":24}},"26":{"start":{"line":46,"column":6},"end":{"line":46,"column":16}},"27":{"start":{"line":51,"column":2},"end":{"line":67,"column":5}},"28":{"start":{"line":52,"column":4},"end":{"line":66,"column":5}},"29":{"start":{"line":53,"column":54},"end":{"line":53,"column":62}},"30":{"start":{"line":54,"column":19},"end":{"line":58,"column":7}},"31":{"start":{"line":59,"column":6},"end":{"line":59,"column":50}},"32":{"start":{"line":59,"column":31},"end":{"line":59,"column":50}},"33":{"start":{"line":60,"column":6},"end":{"line":60,"column":68}},"34":{"start":{"line":60,"column":37},"end":{"line":60,"column":68}},"35":{"start":{"line":61,"column":6},"end":{"line":61,"column":80}},"36":{"start":{"line":61,"column":41},"end":{"line":61,"column":80}},"37":{"start":{"line":62,"column":6},"end":{"line":62,"column":77}},"38":{"start":{"line":63,"column":6},"end":{"line":63,"column":33}},"39":{"start":{"line":65,"column":6},"end":{"line":65,"column":16}},"40":{"start":{"line":70,"column":2},"end":{"line":94,"column":5}},"41":{"start":{"line":71,"column":4},"end":{"line":93,"column":5}},"42":{"start":{"line":72,"column":19},"end":{"line":72,"column":54}},"43":{"start":{"line":73,"column":6},"end":{"line":73,"column":101}},"44":{"start":{"line":73,"column":17},"end":{"line":73,"column":101}},"45":{"start":{"line":76,"column":6},"end":{"line":88,"column":7}},"46":{"start":{"line":77,"column":8},"end":{"line":87,"column":9}},"47":{"start":{"line":78,"column":25},"end":{"line":78,"column":54}},"48":{"start":{"line":79,"column":25},"end":{"line":79,"column":27}},"49":{"start":{"line":80,"column":10},"end":{"line":82,"column":11}},"50":{"start":{"line":81,"column":12},"end":{"line":81,"column":80}},"51":{"start":{"line":83,"column":23},"end":{"line":83,"column":62}},"52":{"start":{"line":84,"column":10},"end":{"line":84,"column":42}},"53":{"start":{"line":90,"column":6},"end":{"line":90,"column":21}},"54":{"start":{"line":92,"column":6},"end":{"line":92,"column":16}},"55":{"start":{"line":97,"column":2},"end":{"line":142,"column":5}},"56":{"start":{"line":98,"column":4},"end":{"line":141,"column":5}},"57":{"start":{"line":99,"column":19},"end":{"line":99,"column":54}},"58":{"start":{"line":100,"column":6},"end":{"line":100,"column":101}},"59":{"start":{"line":100,"column":17},"end":{"line":100,"column":101}},"60":{"start":{"line":102,"column":54},"end":{"line":102,"column":62}},"61":{"start":{"line":103,"column":26},"end":{"line":103,"column":28}},"62":{"start":{"line":104,"column":20},"end":{"line":104,"column":22}},"63":{"start":{"line":105,"column":21},"end":{"line":105,"column":23}},"64":{"start":{"line":107,"column":6},"end":{"line":111,"column":7}},"65":{"start":{"line":108,"column":8},"end":{"line":108,"column":36}},"66":{"start":{"line":109,"column":8},"end":{"line":109,"column":31}},"67":{"start":{"line":110,"column":8},"end":{"line":110,"column":30}},"68":{"start":{"line":112,"column":6},"end":{"line":116,"column":7}},"69":{"start":{"line":113,"column":8},"end":{"line":113,"column":36}},"70":{"start":{"line":114,"column":8},"end":{"line":114,"column":32}},"71":{"start":{"line":115,"column":8},"end":{"line":115,"column":31}},"72":{"start":{"line":117,"column":6},"end":{"line":121,"column":7}},"73":{"start":{"line":118,"column":8},"end":{"line":118,"column":36}},"74":{"start":{"line":119,"column":8},"end":{"line":119,"column":30}},"75":{"start":{"line":120,"column":8},"end":{"line":120,"column":29}},"76":{"start":{"line":122,"column":6},"end":{"line":125,"column":7}},"77":{"start":{"line":123,"column":8},"end":{"line":123,"column":46}},"78":{"start":{"line":124,"column":8},"end":{"line":124,"column":36}},"79":{"start":{"line":127,"column":6},"end":{"line":127,"column":41}},"80":{"start":{"line":128,"column":6},"end":{"line":128,"column":46}},"81":{"start":{"line":130,"column":29},"end":{"line":137,"column":9}},"82":{"start":{"line":138,"column":6},"end":{"line":138,"column":27}},"83":{"start":{"line":140,"column":6},"end":{"line":140,"column":16}},"84":{"start":{"line":145,"column":2},"end":{"line":158,"column":5}},"85":{"start":{"line":146,"column":4},"end":{"line":157,"column":5}},"86":{"start":{"line":147,"column":19},"end":{"line":147,"column":54}},"87":{"start":{"line":148,"column":6},"end":{"line":148,"column":101}},"88":{"start":{"line":148,"column":17},"end":{"line":148,"column":101}},"89":{"start":{"line":150,"column":6},"end":{"line":153,"column":10}},"90":{"start":{"line":154,"column":6},"end":{"line":154,"column":28}},"91":{"start":{"line":156,"column":6},"end":{"line":156,"column":16}},"92":{"start":{"line":161,"column":2},"end":{"line":232,"column":5}},"93":{"start":{"line":162,"column":4},"end":{"line":174,"column":7}},"94":{"start":{"line":163,"column":6},"end":{"line":172,"column":7}},"95":{"start":{"line":165,"column":8},"end":{"line":167,"column":9}},"96":{"start":{"line":166,"column":10},"end":{"line":166,"column":39}},"97":{"start":{"line":168,"column":8},"end":{"line":170,"column":9}},"98":{"start":{"line":169,"column":10},"end":{"line":169,"column":103}},"99":{"start":{"line":171,"column":8},"end":{"line":171,"column":95}},"100":{"start":{"line":173,"column":6},"end":{"line":173,"column":13}},"101":{"start":{"line":176,"column":4},"end":{"line":231,"column":5}},"102":{"start":{"line":177,"column":6},"end":{"line":179,"column":7}},"103":{"start":{"line":178,"column":8},"end":{"line":178,"column":97}},"104":{"start":{"line":181,"column":24},"end":{"line":181,"column":43}},"105":{"start":{"line":182,"column":23},"end":{"line":182,"column":62}},"106":{"start":{"line":183,"column":20},"end":{"line":183,"column":52}},"107":{"start":{"line":186,"column":25},"end":{"line":186,"column":55}},"108":{"start":{"line":187,"column":6},"end":{"line":187,"column":61}},"109":{"start":{"line":190,"column":6},"end":{"line":190,"column":35}},"110":{"start":{"line":193,"column":25},"end":{"line":193,"column":53}},"111":{"start":{"line":194,"column":28},"end":{"line":194,"column":30}},"112":{"start":{"line":195,"column":6},"end":{"line":200,"column":7}},"113":{"start":{"line":196,"column":8},"end":{"line":199,"column":43}},"114":{"start":{"line":198,"column":20},"end":{"line":198,"column":28}},"115":{"start":{"line":199,"column":23},"end":{"line":199,"column":41}},"116":{"start":{"line":203,"column":26},"end":{"line":203,"column":59}},"117":{"start":{"line":204,"column":19},"end":{"line":213,"column":7}},"118":{"start":{"line":214,"column":6},"end":{"line":214,"column":77}},"119":{"start":{"line":217,"column":6},"end":{"line":222,"column":9}},"120":{"start":{"line":224,"column":6},"end":{"line":224,"column":61}},"121":{"start":{"line":227,"column":6},"end":{"line":229,"column":7}},"122":{"start":{"line":228,"column":8},"end":{"line":228,"column":37}},"123":{"start":{"line":230,"column":6},"end":{"line":230,"column":16}},"124":{"start":{"line":235,"column":2},"end":{"line":300,"column":5}},"125":{"start":{"line":236,"column":4},"end":{"line":299,"column":5}},"126":{"start":{"line":237,"column":19},"end":{"line":237,"column":54}},"127":{"start":{"line":238,"column":6},"end":{"line":238,"column":101}},"128":{"start":{"line":238,"column":17},"end":{"line":238,"column":101}},"129":{"start":{"line":239,"column":6},"end":{"line":241,"column":7}},"130":{"start":{"line":240,"column":8},"end":{"line":240,"column":123}},"131":{"start":{"line":245,"column":25},"end":{"line":245,"column":90}},"132":{"start":{"line":246,"column":6},"end":{"line":265,"column":7}},"133":{"start":{"line":247,"column":8},"end":{"line":259,"column":12}},"134":{"start":{"line":261,"column":8},"end":{"line":263,"column":9}},"135":{"start":{"line":262,"column":10},"end":{"line":262,"column":105}},"136":{"start":{"line":264,"column":8},"end":{"line":264,"column":22}},"137":{"start":{"line":267,"column":6},"end":{"line":294,"column":7}},"138":{"start":{"line":268,"column":8},"end":{"line":274,"column":11}},"139":{"start":{"line":277,"column":8},"end":{"line":292,"column":9}},"140":{"start":{"line":278,"column":10},"end":{"line":289,"column":14}},"141":{"start":{"line":291,"column":10},"end":{"line":291,"column":83}},"142":{"start":{"line":293,"column":8},"end":{"line":293,"column":97}},"143":{"start":{"line":296,"column":6},"end":{"line":296,"column":34}},"144":{"start":{"line":298,"column":6},"end":{"line":298,"column":16}},"145":{"start":{"line":303,"column":0},"end":{"line":303,"column":26}}},"fnMap":{"0":{"name":"register","decl":{"start":{"line":20,"column":9},"end":{"line":20,"column":17}},"loc":{"start":{"line":20,"column":26},"end":{"line":301,"column":1}},"line":20},"1":{"name":"(anonymous_1)","decl":{"start":{"line":22,"column":18},"end":{"line":22,"column":19}},"loc":{"start":{"line":22,"column":45},"end":{"line":48,"column":3}},"line":22},"2":{"name":"(anonymous_2)","decl":{"start":{"line":43,"column":52},"end":{"line":43,"column":53}},"loc":{"start":{"line":43,"column":62},"end":{"line":43,"column":100}},"line":43},"3":{"name":"(anonymous_3)","decl":{"start":{"line":51,"column":19},"end":{"line":51,"column":20}},"loc":{"start":{"line":51,"column":45},"end":{"line":67,"column":3}},"line":51},"4":{"name":"(anonymous_4)","decl":{"start":{"line":70,"column":21},"end":{"line":70,"column":22}},"loc":{"start":{"line":70,"column":47},"end":{"line":94,"column":3}},"line":70},"5":{"name":"(anonymous_5)","decl":{"start":{"line":97,"column":21},"end":{"line":97,"column":22}},"loc":{"start":{"line":97,"column":47},"end":{"line":142,"column":3}},"line":97},"6":{"name":"(anonymous_6)","decl":{"start":{"line":145,"column":24},"end":{"line":145,"column":25}},"loc":{"start":{"line":145,"column":50},"end":{"line":158,"column":3}},"line":145},"7":{"name":"(anonymous_7)","decl":{"start":{"line":161,"column":25},"end":{"line":161,"column":26}},"loc":{"start":{"line":161,"column":45},"end":{"line":175,"column":3}},"line":161},"8":{"name":"(anonymous_8)","decl":{"start":{"line":162,"column":36},"end":{"line":162,"column":37}},"loc":{"start":{"line":162,"column":45},"end":{"line":174,"column":5}},"line":162},"9":{"name":"(anonymous_9)","decl":{"start":{"line":175,"column":5},"end":{"line":175,"column":6}},"loc":{"start":{"line":175,"column":31},"end":{"line":232,"column":3}},"line":175},"10":{"name":"(anonymous_10)","decl":{"start":{"line":198,"column":15},"end":{"line":198,"column":16}},"loc":{"start":{"line":198,"column":20},"end":{"line":198,"column":28}},"line":198},"11":{"name":"(anonymous_11)","decl":{"start":{"line":199,"column":18},"end":{"line":199,"column":19}},"loc":{"start":{"line":199,"column":23},"end":{"line":199,"column":41}},"line":199},"12":{"name":"(anonymous_12)","decl":{"start":{"line":235,"column":28},"end":{"line":235,"column":29}},"loc":{"start":{"line":235,"column":54},"end":{"line":300,"column":3}},"line":235}},"branchMap":{"0":{"loc":{"start":{"line":25,"column":18},"end":{"line":25,"column":29}},"type":"binary-expr","locations":[{"start":{"line":25,"column":18},"end":{"line":25,"column":23}},{"start":{"line":25,"column":27},"end":{"line":25,"column":29}}],"line":25},"1":{"loc":{"start":{"line":30,"column":8},"end":{"line":40,"column":9}},"type":"if","locations":[{"start":{"line":30,"column":8},"end":{"line":40,"column":9}},{"start":{"line":32,"column":15},"end":{"line":40,"column":9}}],"line":30},"2":{"loc":{"start":{"line":35,"column":10},"end":{"line":39,"column":11}},"type":"if","locations":[{"start":{"line":35,"column":10},"end":{"line":39,"column":11}},{"start":{"line":37,"column":17},"end":{"line":39,"column":11}}],"line":35},"3":{"loc":{"start":{"line":35,"column":14},"end":{"line":35,"column":47}},"type":"binary-expr","locations":[{"start":{"line":35,"column":14},"end":{"line":35,"column":26}},{"start":{"line":35,"column":30},"end":{"line":35,"column":47}}],"line":35},"4":{"loc":{"start":{"line":37,"column":17},"end":{"line":39,"column":11}},"type":"if","locations":[{"start":{"line":37,"column":17},"end":{"line":39,"column":11}},{"start":{},"end":{}}],"line":37},"5":{"loc":{"start":{"line":37,"column":21},"end":{"line":37,"column":93}},"type":"binary-expr","locations":[{"start":{"line":37,"column":21},"end":{"line":37,"column":54}},{"start":{"line":37,"column":58},"end":{"line":37,"column":93}}],"line":37},"6":{"loc":{"start":{"line":59,"column":6},"end":{"line":59,"column":50}},"type":"if","locations":[{"start":{"line":59,"column":6},"end":{"line":59,"column":50}},{"start":{},"end":{}}],"line":59},"7":{"loc":{"start":{"line":60,"column":6},"end":{"line":60,"column":68}},"type":"if","locations":[{"start":{"line":60,"column":6},"end":{"line":60,"column":68}},{"start":{},"end":{}}],"line":60},"8":{"loc":{"start":{"line":61,"column":6},"end":{"line":61,"column":80}},"type":"if","locations":[{"start":{"line":61,"column":6},"end":{"line":61,"column":80}},{"start":{},"end":{}}],"line":61},"9":{"loc":{"start":{"line":73,"column":6},"end":{"line":73,"column":101}},"type":"if","locations":[{"start":{"line":73,"column":6},"end":{"line":73,"column":101}},{"start":{},"end":{}}],"line":73},"10":{"loc":{"start":{"line":76,"column":6},"end":{"line":88,"column":7}},"type":"if","locations":[{"start":{"line":76,"column":6},"end":{"line":88,"column":7}},{"start":{},"end":{}}],"line":76},"11":{"loc":{"start":{"line":76,"column":10},"end":{"line":76,"column":41}},"type":"binary-expr","locations":[{"start":{"line":76,"column":10},"end":{"line":76,"column":23}},{"start":{"line":76,"column":27},"end":{"line":76,"column":41}}],"line":76},"12":{"loc":{"start":{"line":81,"column":24},"end":{"line":81,"column":78}},"type":"cond-expr","locations":[{"start":{"line":81,"column":52},"end":{"line":81,"column":70}},{"start":{"line":81,"column":73},"end":{"line":81,"column":78}}],"line":81},"13":{"loc":{"start":{"line":100,"column":6},"end":{"line":100,"column":101}},"type":"if","locations":[{"start":{"line":100,"column":6},"end":{"line":100,"column":101}},{"start":{},"end":{}}],"line":100},"14":{"loc":{"start":{"line":107,"column":6},"end":{"line":111,"column":7}},"type":"if","locations":[{"start":{"line":107,"column":6},"end":{"line":111,"column":7}},{"start":{},"end":{}}],"line":107},"15":{"loc":{"start":{"line":112,"column":6},"end":{"line":116,"column":7}},"type":"if","locations":[{"start":{"line":112,"column":6},"end":{"line":116,"column":7}},{"start":{},"end":{}}],"line":112},"16":{"loc":{"start":{"line":117,"column":6},"end":{"line":121,"column":7}},"type":"if","locations":[{"start":{"line":117,"column":6},"end":{"line":121,"column":7}},{"start":{},"end":{}}],"line":117},"17":{"loc":{"start":{"line":122,"column":6},"end":{"line":125,"column":7}},"type":"if","locations":[{"start":{"line":122,"column":6},"end":{"line":125,"column":7}},{"start":{},"end":{}}],"line":122},"18":{"loc":{"start":{"line":134,"column":34},"end":{"line":134,"column":79}},"type":"cond-expr","locations":[{"start":{"line":134,"column":62},"end":{"line":134,"column":67}},{"start":{"line":134,"column":70},"end":{"line":134,"column":79}}],"line":134},"19":{"loc":{"start":{"line":148,"column":6},"end":{"line":148,"column":101}},"type":"if","locations":[{"start":{"line":148,"column":6},"end":{"line":148,"column":101}},{"start":{},"end":{}}],"line":148},"20":{"loc":{"start":{"line":163,"column":6},"end":{"line":172,"column":7}},"type":"if","locations":[{"start":{"line":163,"column":6},"end":{"line":172,"column":7}},{"start":{},"end":{}}],"line":163},"21":{"loc":{"start":{"line":165,"column":8},"end":{"line":167,"column":9}},"type":"if","locations":[{"start":{"line":165,"column":8},"end":{"line":167,"column":9}},{"start":{},"end":{}}],"line":165},"22":{"loc":{"start":{"line":165,"column":12},"end":{"line":165,"column":52}},"type":"binary-expr","locations":[{"start":{"line":165,"column":12},"end":{"line":165,"column":20}},{"start":{"line":165,"column":24},"end":{"line":165,"column":52}}],"line":165},"23":{"loc":{"start":{"line":168,"column":8},"end":{"line":170,"column":9}},"type":"if","locations":[{"start":{"line":168,"column":8},"end":{"line":170,"column":9}},{"start":{},"end":{}}],"line":168},"24":{"loc":{"start":{"line":177,"column":6},"end":{"line":179,"column":7}},"type":"if","locations":[{"start":{"line":177,"column":6},"end":{"line":179,"column":7}},{"start":{},"end":{}}],"line":177},"25":{"loc":{"start":{"line":195,"column":6},"end":{"line":200,"column":7}},"type":"if","locations":[{"start":{"line":195,"column":6},"end":{"line":200,"column":7}},{"start":{},"end":{}}],"line":195},"26":{"loc":{"start":{"line":203,"column":26},"end":{"line":203,"column":59}},"type":"binary-expr","locations":[{"start":{"line":203,"column":26},"end":{"line":203,"column":46}},{"start":{"line":203,"column":50},"end":{"line":203,"column":59}}],"line":203},"27":{"loc":{"start":{"line":206,"column":15},"end":{"line":206,"column":65}},"type":"binary-expr","locations":[{"start":{"line":206,"column":15},"end":{"line":206,"column":29}},{"start":{"line":206,"column":33},"end":{"line":206,"column":65}}],"line":206},"28":{"loc":{"start":{"line":212,"column":12},"end":{"line":212,"column":61}},"type":"cond-expr","locations":[{"start":{"line":212,"column":37},"end":{"line":212,"column":56}},{"start":{"line":212,"column":59},"end":{"line":212,"column":61}}],"line":212},"29":{"loc":{"start":{"line":227,"column":6},"end":{"line":229,"column":7}},"type":"if","locations":[{"start":{"line":227,"column":6},"end":{"line":229,"column":7}},{"start":{},"end":{}}],"line":227},"30":{"loc":{"start":{"line":227,"column":10},"end":{"line":227,"column":50}},"type":"binary-expr","locations":[{"start":{"line":227,"column":10},"end":{"line":227,"column":18}},{"start":{"line":227,"column":22},"end":{"line":227,"column":50}}],"line":227},"31":{"loc":{"start":{"line":238,"column":6},"end":{"line":238,"column":101}},"type":"if","locations":[{"start":{"line":238,"column":6},"end":{"line":238,"column":101}},{"start":{},"end":{}}],"line":238},"32":{"loc":{"start":{"line":239,"column":6},"end":{"line":241,"column":7}},"type":"if","locations":[{"start":{"line":239,"column":6},"end":{"line":241,"column":7}},{"start":{},"end":{}}],"line":239},"33":{"loc":{"start":{"line":261,"column":8},"end":{"line":263,"column":9}},"type":"if","locations":[{"start":{"line":261,"column":8},"end":{"line":263,"column":9}},{"start":{},"end":{}}],"line":261},"34":{"loc":{"start":{"line":272,"column":23},"end":{"line":272,"column":52}},"type":"binary-expr","locations":[{"start":{"line":272,"column":23},"end":{"line":272,"column":39}},{"start":{"line":272,"column":43},"end":{"line":272,"column":52}}],"line":272}},"s":{"0":11,"1":11,"2":11,"3":11,"4":11,"5":11,"6":11,"7":11,"8":11,"9":0,"10":0,"11":0,"12":0,"13":0,"14":0,"15":0,"16":0,"17":0,"18":0,"19":0,"20":0,"21":0,"22":0,"23":0,"24":0,"25":0,"26":0,"27":11,"28":0,"29":0,"30":0,"31":0,"32":0,"33":0,"34":0,"35":0,"36":0,"37":0,"38":0,"39":0,"40":11,"41":0,"42":0,"43":0,"44":0,"45":0,"46":0,"47":0,"48":0,"49":0,"50":0,"51":0,"52":0,"53":0,"54":0,"55":11,"56":0,"57":0,"58":0,"59":0,"60":0,"61":0,"62":0,"63":0,"64":0,"65":0,"66":0,"67":0,"68":0,"69":0,"70":0,"71":0,"72":0,"73":0,"74":0,"75":0,"76":0,"77":0,"78":0,"79":0,"80":0,"81":0,"82":0,"83":0,"84":11,"85":0,"86":0,"87":0,"88":0,"89":0,"90":0,"91":0,"92":11,"93":0,"94":0,"95":0,"96":0,"97":0,"98":0,"99":0,"100":0,"101":0,"102":0,"103":0,"104":0,"105":0,"106":0,"107":0,"108":0,"109":0,"110":0,"111":0,"112":0,"113":0,"114":0,"115":0,"116":0,"117":0,"118":0,"119":0,"120":0,"121":0,"122":0,"123":0,"124":11,"125":6,"126":6,"127":6,"128":1,"129":5,"130":1,"131":4,"132":4,"133":4,"134":1,"135":1,"136":0,"137":3,"138":3,"139":1,"140":1,"141":0,"142":1,"143":2,"144":0,"145":11},"f":{"0":11,"1":0,"2":0,"3":0,"4":0,"5":0,"6":0,"7":0,"8":0,"9":0,"10":0,"11":0,"12":6},"b":{"0":[0,0],"1":[0,0],"2":[0,0],"3":[0,0],"4":[0,0],"5":[0,0],"6":[0,0],"7":[0,0],"8":[0,0],"9":[0,0],"10":[0,0],"11":[0,0],"12":[0,0],"13":[0,0],"14":[0,0],"15":[0,0],"16":[0,0],"17":[0,0],"18":[0,0],"19":[0,0],"20":[0,0],"21":[0,0],"22":[0,0],"23":[0,0],"24":[0,0],"25":[0,0],"26":[0,0],"27":[0,0],"28":[0,0],"29":[0,0],"30":[0,0],"31":[1,5],"32":[1,4],"33":[1,0],"34":[3,0]},"_coverageSchema":"1a1c01bbd47fc00a2c39e90264f33305004495a9","hash":"789c17f6a2eb2ba4e2398713d9c6893b3139a47f"}
,"/home/qiankai/projects/meeting-minutes/routes/meetings/email.js": {"path":"/home/qiankai/projects/meeting-minutes/routes/meetings/email.js","statementMap":{"0":{"start":{"line":1,"column":22},"end":{"line":1,"column":50}},"1":{"start":{"line":2,"column":26},"end":{"line":2,"column":58}},"2":{"start":{"line":3,"column":24},"end":{"line":3,"column":53}},"3":{"start":{"line":7,"column":4},"end":{"line":7,"column":24}},"4":{"start":{"line":11,"column":2},"end":{"line":44,"column":5}},"5":{"start":{"line":12,"column":4},"end":{"line":43,"column":5}},"6":{"start":{"line":13,"column":19},"end":{"line":13,"column":54}},"7":{"start":{"line":14,"column":6},"end":{"line":14,"column":117}},"8":{"start":{"line":14,"column":17},"end":{"line":14,"column":117}},"9":{"start":{"line":15,"column":6},"end":{"line":15,"column":137}},"10":{"start":{"line":15,"column":27},"end":{"line":15,"column":137}},"11":{"start":{"line":17,"column":29},"end":{"line":17,"column":57}},"12":{"start":{"line":18,"column":6},"end":{"line":20,"column":7}},"13":{"start":{"line":19,"column":8},"end":{"line":19,"column":121}},"14":{"start":{"line":23,"column":6},"end":{"line":31,"column":10}},"15":{"start":{"line":33,"column":6},"end":{"line":38,"column":9}},"16":{"start":{"line":40,"column":6},"end":{"line":40,"column":70}},"17":{"start":{"line":42,"column":6},"end":{"line":42,"column":16}},"18":{"start":{"line":47,"column":0},"end":{"line":47,"column":26}}},"fnMap":{"0":{"name":"register","decl":{"start":{"line":9,"column":9},"end":{"line":9,"column":17}},"loc":{"start":{"line":9,"column":26},"end":{"line":45,"column":1}},"line":9},"1":{"name":"(anonymous_1)","decl":{"start":{"line":11,"column":33},"end":{"line":11,"column":34}},"loc":{"start":{"line":11,"column":59},"end":{"line":44,"column":3}},"line":11}},"branchMap":{"0":{"loc":{"start":{"line":14,"column":6},"end":{"line":14,"column":117}},"type":"if","locations":[{"start":{"line":14,"column":6},"end":{"line":14,"column":117}},{"start":{},"end":{}}],"line":14},"1":{"loc":{"start":{"line":15,"column":6},"end":{"line":15,"column":137}},"type":"if","locations":[{"start":{"line":15,"column":6},"end":{"line":15,"column":137}},{"start":{},"end":{}}],"line":15},"2":{"loc":{"start":{"line":18,"column":6},"end":{"line":20,"column":7}},"type":"if","locations":[{"start":{"line":18,"column":6},"end":{"line":20,"column":7}},{"start":{},"end":{}}],"line":18},"3":{"loc":{"start":{"line":37,"column":21},"end":{"line":37,"column":44}},"type":"binary-expr","locations":[{"start":{"line":37,"column":21},"end":{"line":37,"column":31}},{"start":{"line":37,"column":35},"end":{"line":37,"column":44}}],"line":37}},"s":{"0":11,"1":11,"2":11,"3":11,"4":11,"5":0,"6":0,"7":0,"8":0,"9":0,"10":0,"11":0,"12":0,"13":0,"14":0,"15":0,"16":0,"17":0,"18":11},"f":{"0":11,"1":0},"b":{"0":[0,0],"1":[0,0],"2":[0,0],"3":[0,0]},"_coverageSchema":"1a1c01bbd47fc00a2c39e90264f33305004495a9","hash":"6f2b73512d7cb4045d5dc1f4ed38001c5ab0435d"}
,"/home/qiankai/projects/meeting-minutes/routes/meetings/helpers.js": {"path":"/home/qiankai/projects/meeting-minutes/routes/meetings/helpers.js","statementMap":{"0":{"start":{"line":1,"column":13},"end":{"line":1,"column":28}},"1":{"start":{"line":2,"column":15},"end":{"line":2,"column":32}},"2":{"start":{"line":3,"column":22},"end":{"line":3,"column":50}},"3":{"start":{"line":4,"column":25},"end":{"line":4,"column":57}},"4":{"start":{"line":5,"column":20},"end":{"line":5,"column":48}},"5":{"start":{"line":6,"column":15},"end":{"line":6,"column":47}},"6":{"start":{"line":8,"column":14},"end":{"line":8,"column":40}},"7":{"start":{"line":9,"column":23},"end":{"line":9,"column":79}},"8":{"start":{"line":10,"column":23},"end":{"line":10,"column":98}},"9":{"start":{"line":14,"column":13},"end":{"line":14,"column":26}},"10":{"start":{"line":15,"column":2},"end":{"line":17,"column":3}},"11":{"start":{"line":16,"column":4},"end":{"line":16,"column":100}},"12":{"start":{"line":18,"column":2},"end":{"line":18,"column":9}},"13":{"start":{"line":21,"column":15},"end":{"line":42,"column":2}},"14":{"start":{"line":28,"column":25},"end":{"line":33,"column":5}},"15":{"start":{"line":34,"column":24},"end":{"line":34,"column":81}},"16":{"start":{"line":35,"column":16},"end":{"line":35,"column":61}},"17":{"start":{"line":36,"column":4},"end":{"line":40,"column":5}},"18":{"start":{"line":37,"column":6},"end":{"line":37,"column":21}},"19":{"start":{"line":39,"column":6},"end":{"line":39,"column":61}},"20":{"start":{"line":45,"column":2},"end":{"line":48,"column":23}},"21":{"start":{"line":52,"column":20},"end":{"line":59,"column":5}},"22":{"start":{"line":60,"column":2},"end":{"line":60,"column":28}},"23":{"start":{"line":64,"column":2},"end":{"line":66,"column":3}},"24":{"start":{"line":65,"column":4},"end":{"line":65,"column":42}},"25":{"start":{"line":67,"column":2},"end":{"line":69,"column":3}},"26":{"start":{"line":68,"column":4},"end":{"line":68,"column":40}},"27":{"start":{"line":70,"column":2},"end":{"line":80,"column":3}},"28":{"start":{"line":71,"column":4},"end":{"line":73,"column":5}},"29":{"start":{"line":72,"column":6},"end":{"line":72,"column":57}},"30":{"start":{"line":74,"column":4},"end":{"line":76,"column":5}},"31":{"start":{"line":75,"column":6},"end":{"line":75,"column":49}},"32":{"start":{"line":77,"column":4},"end":{"line":79,"column":5}},"33":{"start":{"line":78,"column":6},"end":{"line":78,"column":63}},"34":{"start":{"line":81,"column":2},"end":{"line":81,"column":14}},"35":{"start":{"line":85,"column":26},"end":{"line":85,"column":28}},"36":{"start":{"line":87,"column":2},"end":{"line":104,"column":3}},"37":{"start":{"line":88,"column":4},"end":{"line":103,"column":5}},"38":{"start":{"line":89,"column":21},"end":{"line":89,"column":54}},"39":{"start":{"line":90,"column":21},"end":{"line":90,"column":23}},"40":{"start":{"line":91,"column":6},"end":{"line":93,"column":7}},"41":{"start":{"line":92,"column":8},"end":{"line":92,"column":76}},"42":{"start":{"line":94,"column":18},"end":{"line":94,"column":57}},"43":{"start":{"line":95,"column":6},"end":{"line":100,"column":44}},"44":{"start":{"line":96,"column":21},"end":{"line":96,"column":36}},"45":{"start":{"line":97,"column":21},"end":{"line":97,"column":64}},"46":{"start":{"line":98,"column":8},"end":{"line":99,"column":39}},"47":{"start":{"line":98,"column":18},"end":{"line":98,"column":71}},"48":{"start":{"line":99,"column":13},"end":{"line":99,"column":39}},"49":{"start":{"line":100,"column":16},"end":{"line":100,"column":42}},"50":{"start":{"line":102,"column":6},"end":{"line":102,"column":89}},"51":{"start":{"line":106,"column":2},"end":{"line":118,"column":3}},"52":{"start":{"line":107,"column":4},"end":{"line":117,"column":5}},"53":{"start":{"line":108,"column":21},"end":{"line":108,"column":51}},"54":{"start":{"line":109,"column":21},"end":{"line":109,"column":23}},"55":{"start":{"line":110,"column":6},"end":{"line":112,"column":7}},"56":{"start":{"line":111,"column":8},"end":{"line":111,"column":76}},"57":{"start":{"line":113,"column":19},"end":{"line":113,"column":58}},"58":{"start":{"line":114,"column":6},"end":{"line":114,"column":52}},"59":{"start":{"line":116,"column":6},"end":{"line":116,"column":86}},"60":{"start":{"line":120,"column":2},"end":{"line":152,"column":3}},"61":{"start":{"line":121,"column":4},"end":{"line":151,"column":5}},"62":{"start":{"line":122,"column":21},"end":{"line":122,"column":50}},"63":{"start":{"line":123,"column":21},"end":{"line":123,"column":23}},"64":{"start":{"line":124,"column":6},"end":{"line":126,"column":7}},"65":{"start":{"line":125,"column":8},"end":{"line":125,"column":76}},"66":{"start":{"line":127,"column":18},"end":{"line":127,"column":57}},"67":{"start":{"line":128,"column":19},"end":{"line":128,"column":34}},"68":{"start":{"line":129,"column":6},"end":{"line":148,"column":7}},"69":{"start":{"line":130,"column":22},"end":{"line":130,"column":24}},"70":{"start":{"line":131,"column":29},"end":{"line":131,"column":33}},"71":{"start":{"line":132,"column":26},"end":{"line":132,"column":28}},"72":{"start":{"line":133,"column":8},"end":{"line":142,"column":9}},"73":{"start":{"line":134,"column":22},"end":{"line":134,"column":48}},"74":{"start":{"line":135,"column":10},"end":{"line":141,"column":11}},"75":{"start":{"line":136,"column":12},"end":{"line":136,"column":85}},"76":{"start":{"line":136,"column":29},"end":{"line":136,"column":85}},"77":{"start":{"line":137,"column":12},"end":{"line":137,"column":33}},"78":{"start":{"line":138,"column":12},"end":{"line":138,"column":41}},"79":{"start":{"line":140,"column":12},"end":{"line":140,"column":42}},"80":{"start":{"line":143,"column":8},"end":{"line":143,"column":81}},"81":{"start":{"line":143,"column":25},"end":{"line":143,"column":81}},"82":{"start":{"line":144,"column":27},"end":{"line":144,"column":59}},"83":{"start":{"line":145,"column":8},"end":{"line":145,"column":67}},"84":{"start":{"line":146,"column":13},"end":{"line":148,"column":7}},"85":{"start":{"line":147,"column":8},"end":{"line":147,"column":66}},"86":{"start":{"line":150,"column":6},"end":{"line":150,"column":85}},"87":{"start":{"line":154,"column":2},"end":{"line":154,"column":25}},"88":{"start":{"line":157,"column":0},"end":{"line":167,"column":2}}},"fnMap":{"0":{"name":"validateIdParam","decl":{"start":{"line":13,"column":9},"end":{"line":13,"column":24}},"loc":{"start":{"line":13,"column":41},"end":{"line":19,"column":1}},"line":13},"1":{"name":"(anonymous_1)","decl":{"start":{"line":27,"column":14},"end":{"line":27,"column":15}},"loc":{"start":{"line":27,"column":33},"end":{"line":41,"column":3}},"line":27},"2":{"name":"sanitizeFilename","decl":{"start":{"line":44,"column":9},"end":{"line":44,"column":25}},"loc":{"start":{"line":44,"column":32},"end":{"line":49,"column":1}},"line":44},"3":{"name":"getMeetingById","decl":{"start":{"line":51,"column":15},"end":{"line":51,"column":29}},"loc":{"start":{"line":51,"column":34},"end":{"line":61,"column":1}},"line":51},"4":{"name":"validateSpeakerMap","decl":{"start":{"line":63,"column":9},"end":{"line":63,"column":27}},"loc":{"start":{"line":63,"column":40},"end":{"line":82,"column":1}},"line":63},"5":{"name":"readTranscriptParts","decl":{"start":{"line":84,"column":15},"end":{"line":84,"column":34}},"loc":{"start":{"line":84,"column":41},"end":{"line":155,"column":1}},"line":84}},"branchMap":{"0":{"loc":{"start":{"line":9,"column":23},"end":{"line":9,"column":79}},"type":"binary-expr","locations":[{"start":{"line":9,"column":23},"end":{"line":9,"column":49}},{"start":{"line":9,"column":53},"end":{"line":9,"column":79}}],"line":9},"1":{"loc":{"start":{"line":10,"column":23},"end":{"line":10,"column":98}},"type":"binary-expr","locations":[{"start":{"line":10,"column":23},"end":{"line":10,"column":49}},{"start":{"line":10,"column":53},"end":{"line":10,"column":98}}],"line":10},"2":{"loc":{"start":{"line":15,"column":2},"end":{"line":17,"column":3}},"type":"if","locations":[{"start":{"line":15,"column":2},"end":{"line":17,"column":3}},{"start":{},"end":{}}],"line":15},"3":{"loc":{"start":{"line":15,"column":6},"end":{"line":15,"column":54}},"type":"binary-expr","locations":[{"start":{"line":15,"column":6},"end":{"line":15,"column":9}},{"start":{"line":15,"column":13},"end":{"line":15,"column":35}},{"start":{"line":15,"column":39},"end":{"line":15,"column":54}}],"line":15},"4":{"loc":{"start":{"line":36,"column":4},"end":{"line":40,"column":5}},"type":"if","locations":[{"start":{"line":36,"column":4},"end":{"line":40,"column":5}},{"start":{"line":38,"column":11},"end":{"line":40,"column":5}}],"line":36},"5":{"loc":{"start":{"line":36,"column":8},"end":{"line":36,"column":73}},"type":"binary-expr","locations":[{"start":{"line":36,"column":8},"end":{"line":36,"column":44}},{"start":{"line":36,"column":48},"end":{"line":36,"column":73}}],"line":36},"6":{"loc":{"start":{"line":60,"column":9},"end":{"line":60,"column":27}},"type":"binary-expr","locations":[{"start":{"line":60,"column":9},"end":{"line":60,"column":19}},{"start":{"line":60,"column":23},"end":{"line":60,"column":27}}],"line":60},"7":{"loc":{"start":{"line":64,"column":2},"end":{"line":66,"column":3}},"type":"if","locations":[{"start":{"line":64,"column":2},"end":{"line":66,"column":3}},{"start":{},"end":{}}],"line":64},"8":{"loc":{"start":{"line":64,"column":6},"end":{"line":64,"column":80}},"type":"binary-expr","locations":[{"start":{"line":64,"column":6},"end":{"line":64,"column":17}},{"start":{"line":64,"column":21},"end":{"line":64,"column":51}},{"start":{"line":64,"column":55},"end":{"line":64,"column":80}}],"line":64},"9":{"loc":{"start":{"line":67,"column":2},"end":{"line":69,"column":3}},"type":"if","locations":[{"start":{"line":67,"column":2},"end":{"line":69,"column":3}},{"start":{},"end":{}}],"line":67},"10":{"loc":{"start":{"line":71,"column":4},"end":{"line":73,"column":5}},"type":"if","locations":[{"start":{"line":71,"column":4},"end":{"line":73,"column":5}},{"start":{},"end":{}}],"line":71},"11":{"loc":{"start":{"line":71,"column":8},"end":{"line":71,"column":77}},"type":"binary-expr","locations":[{"start":{"line":71,"column":8},"end":{"line":71,"column":18}},{"start":{"line":71,"column":22},"end":{"line":71,"column":51}},{"start":{"line":71,"column":55},"end":{"line":71,"column":77}}],"line":71},"12":{"loc":{"start":{"line":74,"column":4},"end":{"line":76,"column":5}},"type":"if","locations":[{"start":{"line":74,"column":4},"end":{"line":76,"column":5}},{"start":{},"end":{}}],"line":74},"13":{"loc":{"start":{"line":77,"column":4},"end":{"line":79,"column":5}},"type":"if","locations":[{"start":{"line":77,"column":4},"end":{"line":79,"column":5}},{"start":{},"end":{}}],"line":77},"14":{"loc":{"start":{"line":87,"column":2},"end":{"line":104,"column":3}},"type":"if","locations":[{"start":{"line":87,"column":2},"end":{"line":104,"column":3}},{"start":{},"end":{}}],"line":87},"15":{"loc":{"start":{"line":92,"column":20},"end":{"line":92,"column":74}},"type":"cond-expr","locations":[{"start":{"line":92,"column":48},"end":{"line":92,"column":66}},{"start":{"line":92,"column":69},"end":{"line":92,"column":74}}],"line":92},"16":{"loc":{"start":{"line":98,"column":8},"end":{"line":99,"column":39}},"type":"if","locations":[{"start":{"line":98,"column":8},"end":{"line":99,"column":39}},{"start":{"line":99,"column":13},"end":{"line":99,"column":39}}],"line":98},"17":{"loc":{"start":{"line":106,"column":2},"end":{"line":118,"column":3}},"type":"if","locations":[{"start":{"line":106,"column":2},"end":{"line":118,"column":3}},{"start":{},"end":{}}],"line":106},"18":{"loc":{"start":{"line":111,"column":20},"end":{"line":111,"column":74}},"type":"cond-expr","locations":[{"start":{"line":111,"column":48},"end":{"line":111,"column":66}},{"start":{"line":111,"column":69},"end":{"line":111,"column":74}}],"line":111},"19":{"loc":{"start":{"line":120,"column":2},"end":{"line":152,"column":3}},"type":"if","locations":[{"start":{"line":120,"column":2},"end":{"line":152,"column":3}},{"start":{},"end":{}}],"line":120},"20":{"loc":{"start":{"line":125,"column":20},"end":{"line":125,"column":74}},"type":"cond-expr","locations":[{"start":{"line":125,"column":48},"end":{"line":125,"column":66}},{"start":{"line":125,"column":69},"end":{"line":125,"column":74}}],"line":125},"21":{"loc":{"start":{"line":129,"column":6},"end":{"line":148,"column":7}},"type":"if","locations":[{"start":{"line":129,"column":6},"end":{"line":148,"column":7}},{"start":{"line":146,"column":13},"end":{"line":148,"column":7}}],"line":129},"22":{"loc":{"start":{"line":129,"column":10},"end":{"line":129,"column":51}},"type":"binary-expr","locations":[{"start":{"line":129,"column":10},"end":{"line":129,"column":23}},{"start":{"line":129,"column":27},"end":{"line":129,"column":51}}],"line":129},"23":{"loc":{"start":{"line":134,"column":22},"end":{"line":134,"column":48}},"type":"binary-expr","locations":[{"start":{"line":134,"column":22},"end":{"line":134,"column":33}},{"start":{"line":134,"column":37},"end":{"line":134,"column":48}}],"line":134},"24":{"loc":{"start":{"line":135,"column":10},"end":{"line":141,"column":11}},"type":"if","locations":[{"start":{"line":135,"column":10},"end":{"line":141,"column":11}},{"start":{"line":139,"column":17},"end":{"line":141,"column":11}}],"line":135},"25":{"loc":{"start":{"line":136,"column":12},"end":{"line":136,"column":85}},"type":"if","locations":[{"start":{"line":136,"column":12},"end":{"line":136,"column":85}},{"start":{},"end":{}}],"line":136},"26":{"loc":{"start":{"line":138,"column":26},"end":{"line":138,"column":40}},"type":"binary-expr","locations":[{"start":{"line":138,"column":26},"end":{"line":138,"column":34}},{"start":{"line":138,"column":38},"end":{"line":138,"column":40}}],"line":138},"27":{"loc":{"start":{"line":140,"column":27},"end":{"line":140,"column":41}},"type":"binary-expr","locations":[{"start":{"line":140,"column":27},"end":{"line":140,"column":35}},{"start":{"line":140,"column":39},"end":{"line":140,"column":41}}],"line":140},"28":{"loc":{"start":{"line":143,"column":8},"end":{"line":143,"column":81}},"type":"if","locations":[{"start":{"line":143,"column":8},"end":{"line":143,"column":81}},{"start":{},"end":{}}],"line":143},"29":{"loc":{"start":{"line":146,"column":13},"end":{"line":148,"column":7}},"type":"if","locations":[{"start":{"line":146,"column":13},"end":{"line":148,"column":7}},{"start":{},"end":{}}],"line":146}},"s":{"0":11,"1":11,"2":11,"3":11,"4":11,"5":11,"6":11,"7":11,"8":11,"9":15,"10":15,"11":0,"12":15,"13":11,"14":0,"15":0,"16":0,"17":0,"18":0,"19":0,"20":0,"21":28,"22":28,"23":13,"24":2,"25":11,"26":3,"27":8,"28":9,"29":1,"30":8,"31":0,"32":8,"33":1,"34":6,"35":4,"36":4,"37":0,"38":0,"39":0,"40":0,"41":0,"42":0,"43":0,"44":0,"45":0,"46":0,"47":0,"48":0,"49":0,"50":0,"51":4,"52":0,"53":0,"54":0,"55":0,"56":0,"57":0,"58":0,"59":0,"60":4,"61":3,"62":3,"63":3,"64":3,"65":3,"66":3,"67":3,"68":3,"69":1,"70":1,"71":1,"72":1,"73":2,"74":2,"75":2,"76":1,"77":2,"78":2,"79":0,"80":1,"81":1,"82":1,"83":1,"84":2,"85":1,"86":0,"87":4,"88":11},"f":{"0":15,"1":0,"2":0,"3":28,"4":13,"5":4},"b":{"0":[11,11],"1":[11,11],"2":[0,15],"3":[15,15,15],"4":[0,0],"5":[0,0],"6":[28,7],"7":[2,11],"8":[13,13,11],"9":[3,8],"10":[1,8],"11":[9,8,8],"12":[0,8],"13":[1,7],"14":[0,4],"15":[0,0],"16":[0,0],"17":[0,4],"18":[0,0],"19":[3,1],"20":[0,3],"21":[1,2],"22":[3,2],"23":[2,0],"24":[2,0],"25":[1,1],"26":[2,0],"27":[0,0],"28":[1,0],"29":[1,1]},"_coverageSchema":"1a1c01bbd47fc00a2c39e90264f33305004495a9","hash":"604d64e9ea0abb024c8312061d38b3bfa871e3c0"}
,"/home/qiankai/projects/meeting-minutes/routes/meetings/index.js": {"path":"/home/qiankai/projects/meeting-minutes/routes/meetings/index.js","statementMap":{"0":{"start":{"line":1,"column":19},"end":{"line":1,"column":37}},"1":{"start":{"line":2,"column":28},"end":{"line":2,"column":48}},"2":{"start":{"line":3,"column":21},"end":{"line":3,"column":38}},"3":{"start":{"line":4,"column":23},"end":{"line":4,"column":42}},"4":{"start":{"line":5,"column":22},"end":{"line":5,"column":40}},"5":{"start":{"line":7,"column":15},"end":{"line":7,"column":23}},"6":{"start":{"line":8,"column":0},"end":{"line":8,"column":36}},"7":{"start":{"line":10,"column":0},"end":{"line":10,"column":21}},"8":{"start":{"line":11,"column":0},"end":{"line":11,"column":23}},"9":{"start":{"line":12,"column":0},"end":{"line":12,"column":22}},"10":{"start":{"line":14,"column":0},"end":{"line":14,"column":24}}},"fnMap":{},"branchMap":{},"s":{"0":11,"1":11,"2":11,"3":11,"4":11,"5":11,"6":11,"7":11,"8":11,"9":11,"10":11},"f":{},"b":{},"_coverageSchema":"1a1c01bbd47fc00a2c39e90264f33305004495a9","hash":"afc5b70a35630d2d4ae904e7f71525089312c420"}
,"/home/qiankai/projects/meeting-minutes/routes/meetings/report.js": {"path":"/home/qiankai/projects/meeting-minutes/routes/meetings/report.js","statementMap":{"0":{"start":{"line":1,"column":15},"end":{"line":1,"column":32}},"1":{"start":{"line":2,"column":22},"end":{"line":2,"column":50}},"2":{"start":{"line":7,"column":4},"end":{"line":7,"column":36}},"3":{"start":{"line":8,"column":32},"end":{"line":8,"column":60}},"4":{"start":{"line":9,"column":24},"end":{"line":9,"column":57}},"5":{"start":{"line":10,"column":15},"end":{"line":10,"column":47}},"6":{"start":{"line":18,"column":4},"end":{"line":18,"column":24}},"7":{"start":{"line":22,"column":2},"end":{"line":134,"column":5}},"8":{"start":{"line":23,"column":4},"end":{"line":133,"column":5}},"9":{"start":{"line":24,"column":43},"end":{"line":24,"column":51}},"10":{"start":{"line":27,"column":6},"end":{"line":29,"column":7}},"11":{"start":{"line":28,"column":8},"end":{"line":28,"column":133}},"12":{"start":{"line":30,"column":6},"end":{"line":32,"column":7}},"13":{"start":{"line":31,"column":8},"end":{"line":31,"column":133}},"14":{"start":{"line":35,"column":23},"end":{"line":35,"column":25}},"15":{"start":{"line":36,"column":6},"end":{"line":40,"column":7}},"16":{"start":{"line":37,"column":21},"end":{"line":37,"column":45}},"17":{"start":{"line":38,"column":8},"end":{"line":38,"column":126}},"18":{"start":{"line":38,"column":19},"end":{"line":38,"column":126}},"19":{"start":{"line":39,"column":8},"end":{"line":39,"column":28}},"20":{"start":{"line":43,"column":26},"end":{"line":43,"column":28}},"21":{"start":{"line":44,"column":22},"end":{"line":44,"column":24}},"22":{"start":{"line":45,"column":24},"end":{"line":45,"column":26}},"23":{"start":{"line":47,"column":6},"end":{"line":73,"column":7}},"24":{"start":{"line":48,"column":22},"end":{"line":48,"column":31}},"25":{"start":{"line":51,"column":8},"end":{"line":63,"column":9}},"26":{"start":{"line":52,"column":10},"end":{"line":62,"column":11}},"27":{"start":{"line":53,"column":27},"end":{"line":53,"column":53}},"28":{"start":{"line":54,"column":27},"end":{"line":54,"column":29}},"29":{"start":{"line":55,"column":12},"end":{"line":57,"column":13}},"30":{"start":{"line":56,"column":14},"end":{"line":56,"column":82}},"31":{"start":{"line":58,"column":25},"end":{"line":58,"column":64}},"32":{"start":{"line":59,"column":12},"end":{"line":59,"column":39}},"33":{"start":{"line":61,"column":12},"end":{"line":61,"column":118}},"34":{"start":{"line":65,"column":8},"end":{"line":72,"column":9}},"35":{"start":{"line":66,"column":23},"end":{"line":66,"column":91}},"36":{"start":{"line":67,"column":23},"end":{"line":67,"column":49}},"37":{"start":{"line":68,"column":10},"end":{"line":68,"column":120}},"38":{"start":{"line":69,"column":10},"end":{"line":69,"column":38}},"39":{"start":{"line":71,"column":10},"end":{"line":71,"column":68}},"40":{"start":{"line":75,"column":6},"end":{"line":77,"column":7}},"41":{"start":{"line":76,"column":8},"end":{"line":76,"column":101}},"42":{"start":{"line":79,"column":25},"end":{"line":79,"column":49}},"43":{"start":{"line":82,"column":26},"end":{"line":82,"column":28}},"44":{"start":{"line":83,"column":6},"end":{"line":91,"column":7}},"45":{"start":{"line":84,"column":41},"end":{"line":87,"column":11}},"46":{"start":{"line":88,"column":8},"end":{"line":88,"column":81}},"47":{"start":{"line":88,"column":55},"end":{"line":88,"column":63}},"48":{"start":{"line":90,"column":8},"end":{"line":90,"column":93}},"49":{"start":{"line":94,"column":22},"end":{"line":94,"column":63}},"50":{"start":{"line":95,"column":27},"end":{"line":95,"column":118}},"51":{"start":{"line":98,"column":24},"end":{"line":98,"column":57}},"52":{"start":{"line":99,"column":6},"end":{"line":101,"column":7}},"53":{"start":{"line":100,"column":8},"end":{"line":100,"column":129}},"54":{"start":{"line":102,"column":21},"end":{"line":102,"column":45}},"55":{"start":{"line":105,"column":24},"end":{"line":105,"column":43}},"56":{"start":{"line":106,"column":18},"end":{"line":106,"column":42}},"57":{"start":{"line":109,"column":24},"end":{"line":109,"column":58}},"58":{"start":{"line":110,"column":6},"end":{"line":110,"column":87}},"59":{"start":{"line":113,"column":6},"end":{"line":127,"column":10}},"60":{"start":{"line":130,"column":6},"end":{"line":130,"column":59}},"61":{"start":{"line":132,"column":6},"end":{"line":132,"column":16}},"62":{"start":{"line":137,"column":2},"end":{"line":162,"column":5}},"63":{"start":{"line":138,"column":4},"end":{"line":161,"column":5}},"64":{"start":{"line":139,"column":29},"end":{"line":139,"column":37}},"65":{"start":{"line":140,"column":30},"end":{"line":140,"column":60}},"66":{"start":{"line":141,"column":6},"end":{"line":143,"column":7}},"67":{"start":{"line":142,"column":8},"end":{"line":142,"column":103}},"68":{"start":{"line":145,"column":19},"end":{"line":145,"column":54}},"69":{"start":{"line":146,"column":6},"end":{"line":146,"column":109}},"70":{"start":{"line":146,"column":17},"end":{"line":146,"column":109}},"71":{"start":{"line":148,"column":6},"end":{"line":156,"column":10}},"72":{"start":{"line":158,"column":6},"end":{"line":158,"column":34}},"73":{"start":{"line":160,"column":6},"end":{"line":160,"column":16}},"74":{"start":{"line":165,"column":2},"end":{"line":223,"column":5}},"75":{"start":{"line":166,"column":4},"end":{"line":222,"column":5}},"76":{"start":{"line":167,"column":19},"end":{"line":167,"column":54}},"77":{"start":{"line":168,"column":6},"end":{"line":168,"column":109}},"78":{"start":{"line":168,"column":17},"end":{"line":168,"column":109}},"79":{"start":{"line":170,"column":25},"end":{"line":170,"column":48}},"80":{"start":{"line":172,"column":30},"end":{"line":172,"column":61}},"81":{"start":{"line":173,"column":6},"end":{"line":175,"column":7}},"82":{"start":{"line":174,"column":8},"end":{"line":174,"column":123}},"83":{"start":{"line":177,"column":29},"end":{"line":177,"column":57}},"84":{"start":{"line":178,"column":26},"end":{"line":178,"column":55}},"85":{"start":{"line":181,"column":26},"end":{"line":181,"column":28}},"86":{"start":{"line":182,"column":6},"end":{"line":190,"column":7}},"87":{"start":{"line":183,"column":41},"end":{"line":186,"column":11}},"88":{"start":{"line":187,"column":8},"end":{"line":187,"column":81}},"89":{"start":{"line":187,"column":55},"end":{"line":187,"column":63}},"90":{"start":{"line":189,"column":8},"end":{"line":189,"column":98}},"91":{"start":{"line":192,"column":22},"end":{"line":192,"column":63}},"92":{"start":{"line":193,"column":27},"end":{"line":193,"column":109}},"93":{"start":{"line":195,"column":24},"end":{"line":195,"column":57}},"94":{"start":{"line":196,"column":6},"end":{"line":198,"column":7}},"95":{"start":{"line":197,"column":8},"end":{"line":197,"column":128}},"96":{"start":{"line":199,"column":21},"end":{"line":199,"column":45}},"97":{"start":{"line":201,"column":24},"end":{"line":201,"column":62}},"98":{"start":{"line":202,"column":6},"end":{"line":202,"column":87}},"99":{"start":{"line":204,"column":6},"end":{"line":216,"column":10}},"100":{"start":{"line":219,"column":6},"end":{"line":219,"column":42}},"101":{"start":{"line":221,"column":6},"end":{"line":221,"column":16}},"102":{"start":{"line":226,"column":2},"end":{"line":298,"column":5}},"103":{"start":{"line":227,"column":4},"end":{"line":297,"column":5}},"104":{"start":{"line":228,"column":29},"end":{"line":228,"column":37}},"105":{"start":{"line":229,"column":30},"end":{"line":229,"column":60}},"106":{"start":{"line":230,"column":6},"end":{"line":232,"column":7}},"107":{"start":{"line":231,"column":8},"end":{"line":231,"column":103}},"108":{"start":{"line":234,"column":19},"end":{"line":234,"column":54}},"109":{"start":{"line":235,"column":6},"end":{"line":235,"column":109}},"110":{"start":{"line":235,"column":17},"end":{"line":235,"column":109}},"111":{"start":{"line":238,"column":6},"end":{"line":246,"column":10}},"112":{"start":{"line":248,"column":30},"end":{"line":248,"column":61}},"113":{"start":{"line":249,"column":6},"end":{"line":251,"column":7}},"114":{"start":{"line":250,"column":8},"end":{"line":250,"column":123}},"115":{"start":{"line":253,"column":29},"end":{"line":253,"column":57}},"116":{"start":{"line":254,"column":26},"end":{"line":254,"column":55}},"117":{"start":{"line":256,"column":26},"end":{"line":256,"column":28}},"118":{"start":{"line":257,"column":6},"end":{"line":265,"column":7}},"119":{"start":{"line":258,"column":41},"end":{"line":261,"column":11}},"120":{"start":{"line":262,"column":8},"end":{"line":262,"column":81}},"121":{"start":{"line":262,"column":55},"end":{"line":262,"column":63}},"122":{"start":{"line":264,"column":8},"end":{"line":264,"column":99}},"123":{"start":{"line":267,"column":22},"end":{"line":267,"column":63}},"124":{"start":{"line":268,"column":27},"end":{"line":268,"column":109}},"125":{"start":{"line":270,"column":24},"end":{"line":270,"column":57}},"126":{"start":{"line":271,"column":6},"end":{"line":273,"column":7}},"127":{"start":{"line":272,"column":8},"end":{"line":272,"column":128}},"128":{"start":{"line":274,"column":21},"end":{"line":274,"column":45}},"129":{"start":{"line":276,"column":24},"end":{"line":276,"column":62}},"130":{"start":{"line":277,"column":6},"end":{"line":277,"column":87}},"131":{"start":{"line":279,"column":6},"end":{"line":291,"column":10}},"132":{"start":{"line":294,"column":6},"end":{"line":294,"column":42}},"133":{"start":{"line":296,"column":6},"end":{"line":296,"column":16}},"134":{"start":{"line":301,"column":2},"end":{"line":370,"column":5}},"135":{"start":{"line":302,"column":4},"end":{"line":369,"column":5}},"136":{"start":{"line":303,"column":32},"end":{"line":303,"column":40}},"137":{"start":{"line":304,"column":28},"end":{"line":304,"column":113}},"138":{"start":{"line":305,"column":6},"end":{"line":307,"column":7}},"139":{"start":{"line":306,"column":8},"end":{"line":306,"column":193}},"140":{"start":{"line":308,"column":6},"end":{"line":310,"column":7}},"141":{"start":{"line":309,"column":8},"end":{"line":309,"column":103}},"142":{"start":{"line":312,"column":19},"end":{"line":312,"column":54}},"143":{"start":{"line":313,"column":6},"end":{"line":313,"column":109}},"144":{"start":{"line":313,"column":17},"end":{"line":313,"column":109}},"145":{"start":{"line":314,"column":6},"end":{"line":314,"column":135}},"146":{"start":{"line":314,"column":27},"end":{"line":314,"column":135}},"147":{"start":{"line":317,"column":21},"end":{"line":317,"column":50}},"148":{"start":{"line":318,"column":21},"end":{"line":318,"column":23}},"149":{"start":{"line":319,"column":6},"end":{"line":321,"column":7}},"150":{"start":{"line":320,"column":8},"end":{"line":320,"column":76}},"151":{"start":{"line":322,"column":21},"end":{"line":322,"column":72}},"152":{"start":{"line":325,"column":23},"end":{"line":332,"column":7}},"153":{"start":{"line":334,"column":26},"end":{"line":341,"column":7}},"154":{"start":{"line":342,"column":27},"end":{"line":342,"column":44}},"155":{"start":{"line":343,"column":23},"end":{"line":343,"column":43}},"156":{"start":{"line":344,"column":6},"end":{"line":350,"column":7}},"157":{"start":{"line":345,"column":8},"end":{"line":345,"column":36}},"158":{"start":{"line":346,"column":13},"end":{"line":350,"column":7}},"159":{"start":{"line":347,"column":8},"end":{"line":347,"column":32}},"160":{"start":{"line":349,"column":8},"end":{"line":349,"column":36}},"161":{"start":{"line":353,"column":6},"end":{"line":353,"column":92}},"162":{"start":{"line":356,"column":6},"end":{"line":364,"column":10}},"163":{"start":{"line":366,"column":6},"end":{"line":366,"column":34}},"164":{"start":{"line":368,"column":6},"end":{"line":368,"column":16}},"165":{"start":{"line":373,"column":2},"end":{"line":430,"column":5}},"166":{"start":{"line":374,"column":4},"end":{"line":429,"column":5}},"167":{"start":{"line":375,"column":19},"end":{"line":375,"column":54}},"168":{"start":{"line":376,"column":6},"end":{"line":376,"column":109}},"169":{"start":{"line":376,"column":17},"end":{"line":376,"column":109}},"170":{"start":{"line":377,"column":6},"end":{"line":377,"column":137}},"171":{"start":{"line":377,"column":27},"end":{"line":377,"column":137}},"172":{"start":{"line":380,"column":21},"end":{"line":380,"column":50}},"173":{"start":{"line":381,"column":21},"end":{"line":381,"column":23}},"174":{"start":{"line":382,"column":6},"end":{"line":384,"column":7}},"175":{"start":{"line":383,"column":8},"end":{"line":383,"column":76}},"176":{"start":{"line":385,"column":21},"end":{"line":385,"column":72}},"177":{"start":{"line":387,"column":22},"end":{"line":387,"column":86}},"178":{"start":{"line":388,"column":6},"end":{"line":390,"column":7}},"179":{"start":{"line":389,"column":8},"end":{"line":389,"column":112}},"180":{"start":{"line":392,"column":22},"end":{"line":394,"column":65}},"181":{"start":{"line":396,"column":21},"end":{"line":408,"column":11}},"182":{"start":{"line":410,"column":59},"end":{"line":410,"column":101}},"183":{"start":{"line":411,"column":21},"end":{"line":411,"column":81}},"184":{"start":{"line":412,"column":19},"end":{"line":421,"column":9}},"185":{"start":{"line":423,"column":21},"end":{"line":423,"column":68}},"186":{"start":{"line":424,"column":28},"end":{"line":424,"column":70}},"187":{"start":{"line":426,"column":6},"end":{"line":426,"column":34}},"188":{"start":{"line":428,"column":6},"end":{"line":428,"column":16}},"189":{"start":{"line":433,"column":0},"end":{"line":433,"column":26}}},"fnMap":{"0":{"name":"register","decl":{"start":{"line":20,"column":9},"end":{"line":20,"column":17}},"loc":{"start":{"line":20,"column":26},"end":{"line":431,"column":1}},"line":20},"1":{"name":"(anonymous_1)","decl":{"start":{"line":22,"column":24},"end":{"line":22,"column":25}},"loc":{"start":{"line":22,"column":50},"end":{"line":134,"column":3}},"line":22},"2":{"name":"(anonymous_2)","decl":{"start":{"line":88,"column":50},"end":{"line":88,"column":51}},"loc":{"start":{"line":88,"column":55},"end":{"line":88,"column":63}},"line":88},"3":{"name":"(anonymous_3)","decl":{"start":{"line":137,"column":35},"end":{"line":137,"column":36}},"loc":{"start":{"line":137,"column":61},"end":{"line":162,"column":3}},"line":137},"4":{"name":"(anonymous_4)","decl":{"start":{"line":165,"column":33},"end":{"line":165,"column":34}},"loc":{"start":{"line":165,"column":59},"end":{"line":223,"column":3}},"line":165},"5":{"name":"(anonymous_5)","decl":{"start":{"line":187,"column":50},"end":{"line":187,"column":51}},"loc":{"start":{"line":187,"column":55},"end":{"line":187,"column":63}},"line":187},"6":{"name":"(anonymous_6)","decl":{"start":{"line":226,"column":33},"end":{"line":226,"column":34}},"loc":{"start":{"line":226,"column":59},"end":{"line":298,"column":3}},"line":226},"7":{"name":"(anonymous_7)","decl":{"start":{"line":262,"column":50},"end":{"line":262,"column":51}},"loc":{"start":{"line":262,"column":55},"end":{"line":262,"column":63}},"line":262},"8":{"name":"(anonymous_8)","decl":{"start":{"line":301,"column":30},"end":{"line":301,"column":31}},"loc":{"start":{"line":301,"column":56},"end":{"line":370,"column":3}},"line":301},"9":{"name":"(anonymous_9)","decl":{"start":{"line":373,"column":32},"end":{"line":373,"column":33}},"loc":{"start":{"line":373,"column":58},"end":{"line":430,"column":3}},"line":373}},"branchMap":{"0":{"loc":{"start":{"line":27,"column":6},"end":{"line":29,"column":7}},"type":"if","locations":[{"start":{"line":27,"column":6},"end":{"line":29,"column":7}},{"start":{},"end":{}}],"line":27},"1":{"loc":{"start":{"line":27,"column":10},"end":{"line":27,"column":61}},"type":"binary-expr","locations":[{"start":{"line":27,"column":10},"end":{"line":27,"column":36}},{"start":{"line":27,"column":40},"end":{"line":27,"column":61}}],"line":27},"2":{"loc":{"start":{"line":30,"column":6},"end":{"line":32,"column":7}},"type":"if","locations":[{"start":{"line":30,"column":6},"end":{"line":32,"column":7}},{"start":{},"end":{}}],"line":30},"3":{"loc":{"start":{"line":38,"column":8},"end":{"line":38,"column":126}},"type":"if","locations":[{"start":{"line":38,"column":8},"end":{"line":38,"column":126}},{"start":{},"end":{}}],"line":38},"4":{"loc":{"start":{"line":51,"column":8},"end":{"line":63,"column":9}},"type":"if","locations":[{"start":{"line":51,"column":8},"end":{"line":63,"column":9}},{"start":{},"end":{}}],"line":51},"5":{"loc":{"start":{"line":51,"column":12},"end":{"line":51,"column":35}},"type":"binary-expr","locations":[{"start":{"line":51,"column":12},"end":{"line":51,"column":20}},{"start":{"line":51,"column":24},"end":{"line":51,"column":35}}],"line":51},"6":{"loc":{"start":{"line":56,"column":26},"end":{"line":56,"column":80}},"type":"cond-expr","locations":[{"start":{"line":56,"column":54},"end":{"line":56,"column":72}},{"start":{"line":56,"column":75},"end":{"line":56,"column":80}}],"line":56},"7":{"loc":{"start":{"line":65,"column":8},"end":{"line":72,"column":9}},"type":"if","locations":[{"start":{"line":65,"column":8},"end":{"line":72,"column":9}},{"start":{"line":70,"column":15},"end":{"line":72,"column":9}}],"line":65},"8":{"loc":{"start":{"line":66,"column":23},"end":{"line":66,"column":91}},"type":"cond-expr","locations":[{"start":{"line":66,"column":37},"end":{"line":66,"column":86}},{"start":{"line":66,"column":89},"end":{"line":66,"column":91}}],"line":66},"9":{"loc":{"start":{"line":67,"column":23},"end":{"line":67,"column":49}},"type":"binary-expr","locations":[{"start":{"line":67,"column":23},"end":{"line":67,"column":36}},{"start":{"line":67,"column":40},"end":{"line":67,"column":49}}],"line":67},"10":{"loc":{"start":{"line":68,"column":37},"end":{"line":68,"column":59}},"type":"binary-expr","locations":[{"start":{"line":68,"column":37},"end":{"line":68,"column":44}},{"start":{"line":68,"column":48},"end":{"line":68,"column":59}}],"line":68},"11":{"loc":{"start":{"line":75,"column":6},"end":{"line":77,"column":7}},"type":"if","locations":[{"start":{"line":75,"column":6},"end":{"line":77,"column":7}},{"start":{},"end":{}}],"line":75},"12":{"loc":{"start":{"line":88,"column":25},"end":{"line":88,"column":44}},"type":"binary-expr","locations":[{"start":{"line":88,"column":25},"end":{"line":88,"column":38}},{"start":{"line":88,"column":42},"end":{"line":88,"column":44}}],"line":88},"13":{"loc":{"start":{"line":94,"column":22},"end":{"line":94,"column":63}},"type":"binary-expr","locations":[{"start":{"line":94,"column":22},"end":{"line":94,"column":50}},{"start":{"line":94,"column":54},"end":{"line":94,"column":63}}],"line":94},"14":{"loc":{"start":{"line":95,"column":97},"end":{"line":95,"column":117}},"type":"binary-expr","locations":[{"start":{"line":95,"column":97},"end":{"line":95,"column":109}},{"start":{"line":95,"column":113},"end":{"line":95,"column":117}}],"line":95},"15":{"loc":{"start":{"line":99,"column":6},"end":{"line":101,"column":7}},"type":"if","locations":[{"start":{"line":99,"column":6},"end":{"line":101,"column":7}},{"start":{},"end":{}}],"line":99},"16":{"loc":{"start":{"line":120,"column":24},"end":{"line":120,"column":42}},"type":"binary-expr","locations":[{"start":{"line":120,"column":24},"end":{"line":120,"column":36}},{"start":{"line":120,"column":40},"end":{"line":120,"column":42}}],"line":120},"17":{"loc":{"start":{"line":141,"column":6},"end":{"line":143,"column":7}},"type":"if","locations":[{"start":{"line":141,"column":6},"end":{"line":143,"column":7}},{"start":{},"end":{}}],"line":141},"18":{"loc":{"start":{"line":146,"column":6},"end":{"line":146,"column":109}},"type":"if","locations":[{"start":{"line":146,"column":6},"end":{"line":146,"column":109}},{"start":{},"end":{}}],"line":146},"19":{"loc":{"start":{"line":168,"column":6},"end":{"line":168,"column":109}},"type":"if","locations":[{"start":{"line":168,"column":6},"end":{"line":168,"column":109}},{"start":{},"end":{}}],"line":168},"20":{"loc":{"start":{"line":170,"column":25},"end":{"line":170,"column":48}},"type":"binary-expr","locations":[{"start":{"line":170,"column":25},"end":{"line":170,"column":40}},{"start":{"line":170,"column":44},"end":{"line":170,"column":48}}],"line":170},"21":{"loc":{"start":{"line":173,"column":6},"end":{"line":175,"column":7}},"type":"if","locations":[{"start":{"line":173,"column":6},"end":{"line":175,"column":7}},{"start":{},"end":{}}],"line":173},"22":{"loc":{"start":{"line":178,"column":26},"end":{"line":178,"column":55}},"type":"binary-expr","locations":[{"start":{"line":178,"column":26},"end":{"line":178,"column":42}},{"start":{"line":178,"column":46},"end":{"line":178,"column":55}}],"line":178},"23":{"loc":{"start":{"line":187,"column":25},"end":{"line":187,"column":44}},"type":"binary-expr","locations":[{"start":{"line":187,"column":25},"end":{"line":187,"column":38}},{"start":{"line":187,"column":42},"end":{"line":187,"column":44}}],"line":187},"24":{"loc":{"start":{"line":192,"column":22},"end":{"line":192,"column":63}},"type":"binary-expr","locations":[{"start":{"line":192,"column":22},"end":{"line":192,"column":50}},{"start":{"line":192,"column":54},"end":{"line":192,"column":63}}],"line":192},"25":{"loc":{"start":{"line":196,"column":6},"end":{"line":198,"column":7}},"type":"if","locations":[{"start":{"line":196,"column":6},"end":{"line":198,"column":7}},{"start":{},"end":{}}],"line":196},"26":{"loc":{"start":{"line":230,"column":6},"end":{"line":232,"column":7}},"type":"if","locations":[{"start":{"line":230,"column":6},"end":{"line":232,"column":7}},{"start":{},"end":{}}],"line":230},"27":{"loc":{"start":{"line":235,"column":6},"end":{"line":235,"column":109}},"type":"if","locations":[{"start":{"line":235,"column":6},"end":{"line":235,"column":109}},{"start":{},"end":{}}],"line":235},"28":{"loc":{"start":{"line":249,"column":6},"end":{"line":251,"column":7}},"type":"if","locations":[{"start":{"line":249,"column":6},"end":{"line":251,"column":7}},{"start":{},"end":{}}],"line":249},"29":{"loc":{"start":{"line":254,"column":26},"end":{"line":254,"column":55}},"type":"binary-expr","locations":[{"start":{"line":254,"column":26},"end":{"line":254,"column":42}},{"start":{"line":254,"column":46},"end":{"line":254,"column":55}}],"line":254},"30":{"loc":{"start":{"line":262,"column":25},"end":{"line":262,"column":44}},"type":"binary-expr","locations":[{"start":{"line":262,"column":25},"end":{"line":262,"column":38}},{"start":{"line":262,"column":42},"end":{"line":262,"column":44}}],"line":262},"31":{"loc":{"start":{"line":267,"column":22},"end":{"line":267,"column":63}},"type":"binary-expr","locations":[{"start":{"line":267,"column":22},"end":{"line":267,"column":50}},{"start":{"line":267,"column":54},"end":{"line":267,"column":63}}],"line":267},"32":{"loc":{"start":{"line":271,"column":6},"end":{"line":273,"column":7}},"type":"if","locations":[{"start":{"line":271,"column":6},"end":{"line":273,"column":7}},{"start":{},"end":{}}],"line":271},"33":{"loc":{"start":{"line":305,"column":6},"end":{"line":307,"column":7}},"type":"if","locations":[{"start":{"line":305,"column":6},"end":{"line":307,"column":7}},{"start":{},"end":{}}],"line":305},"34":{"loc":{"start":{"line":308,"column":6},"end":{"line":310,"column":7}},"type":"if","locations":[{"start":{"line":308,"column":6},"end":{"line":310,"column":7}},{"start":{},"end":{}}],"line":308},"35":{"loc":{"start":{"line":308,"column":10},"end":{"line":308,"column":45}},"type":"binary-expr","locations":[{"start":{"line":308,"column":10},"end":{"line":308,"column":28}},{"start":{"line":308,"column":32},"end":{"line":308,"column":45}}],"line":308},"36":{"loc":{"start":{"line":313,"column":6},"end":{"line":313,"column":109}},"type":"if","locations":[{"start":{"line":313,"column":6},"end":{"line":313,"column":109}},{"start":{},"end":{}}],"line":313},"37":{"loc":{"start":{"line":314,"column":6},"end":{"line":314,"column":135}},"type":"if","locations":[{"start":{"line":314,"column":6},"end":{"line":314,"column":135}},{"start":{},"end":{}}],"line":314},"38":{"loc":{"start":{"line":320,"column":20},"end":{"line":320,"column":74}},"type":"cond-expr","locations":[{"start":{"line":320,"column":48},"end":{"line":320,"column":66}},{"start":{"line":320,"column":69},"end":{"line":320,"column":74}}],"line":320},"39":{"loc":{"start":{"line":344,"column":6},"end":{"line":350,"column":7}},"type":"if","locations":[{"start":{"line":344,"column":6},"end":{"line":350,"column":7}},{"start":{"line":346,"column":13},"end":{"line":350,"column":7}}],"line":344},"40":{"loc":{"start":{"line":346,"column":13},"end":{"line":350,"column":7}},"type":"if","locations":[{"start":{"line":346,"column":13},"end":{"line":350,"column":7}},{"start":{"line":348,"column":13},"end":{"line":350,"column":7}}],"line":346},"41":{"loc":{"start":{"line":376,"column":6},"end":{"line":376,"column":109}},"type":"if","locations":[{"start":{"line":376,"column":6},"end":{"line":376,"column":109}},{"start":{},"end":{}}],"line":376},"42":{"loc":{"start":{"line":377,"column":6},"end":{"line":377,"column":137}},"type":"if","locations":[{"start":{"line":377,"column":6},"end":{"line":377,"column":137}},{"start":{},"end":{}}],"line":377},"43":{"loc":{"start":{"line":383,"column":20},"end":{"line":383,"column":74}},"type":"cond-expr","locations":[{"start":{"line":383,"column":48},"end":{"line":383,"column":66}},{"start":{"line":383,"column":69},"end":{"line":383,"column":74}}],"line":383},"44":{"loc":{"start":{"line":387,"column":23},"end":{"line":387,"column":71}},"type":"binary-expr","locations":[{"start":{"line":387,"column":23},"end":{"line":387,"column":37}},{"start":{"line":387,"column":41},"end":{"line":387,"column":65}},{"start":{"line":387,"column":69},"end":{"line":387,"column":71}}],"line":387},"45":{"loc":{"start":{"line":388,"column":6},"end":{"line":390,"column":7}},"type":"if","locations":[{"start":{"line":388,"column":6},"end":{"line":390,"column":7}},{"start":{},"end":{}}],"line":388},"46":{"loc":{"start":{"line":392,"column":22},"end":{"line":394,"column":65}},"type":"cond-expr","locations":[{"start":{"line":393,"column":10},"end":{"line":393,"column":79}},{"start":{"line":394,"column":10},"end":{"line":394,"column":65}}],"line":392}},"s":{"0":11,"1":11,"2":11,"3":11,"4":11,"5":11,"6":11,"7":11,"8":0,"9":0,"10":0,"11":0,"12":0,"13":0,"14":0,"15":0,"16":0,"17":0,"18":0,"19":0,"20":0,"21":0,"22":0,"23":0,"24":0,"25":0,"26":0,"27":0,"28":0,"29":0,"30":0,"31":0,"32":0,"33":0,"34":0,"35":0,"36":0,"37":0,"38":0,"39":0,"40":0,"41":0,"42":0,"43":0,"44":0,"45":0,"46":0,"47":0,"48":0,"49":0,"50":0,"51":0,"52":0,"53":0,"54":0,"55":0,"56":0,"57":0,"58":0,"59":0,"60":0,"61":0,"62":11,"63":4,"64":4,"65":4,"66":4,"67":2,"68":2,"69":2,"70":1,"71":1,"72":1,"73":0,"74":11,"75":3,"76":3,"77":3,"78":1,"79":2,"80":2,"81":2,"82":1,"83":1,"84":1,"85":1,"86":1,"87":1,"88":1,"89":0,"90":0,"91":1,"92":1,"93":1,"94":1,"95":0,"96":1,"97":1,"98":1,"99":1,"100":1,"101":0,"102":11,"103":9,"104":9,"105":9,"106":9,"107":5,"108":4,"109":4,"110":2,"111":2,"112":2,"113":2,"114":1,"115":1,"116":1,"117":1,"118":1,"119":1,"120":1,"121":0,"122":0,"123":1,"124":1,"125":1,"126":1,"127":0,"128":1,"129":1,"130":1,"131":1,"132":1,"133":0,"134":11,"135":8,"136":8,"137":8,"138":8,"139":1,"140":7,"141":1,"142":6,"143":6,"144":1,"145":5,"146":1,"147":4,"148":3,"149":3,"150":3,"151":3,"152":3,"153":3,"154":3,"155":3,"156":3,"157":3,"158":0,"159":0,"160":0,"161":3,"162":3,"163":3,"164":1,"165":11,"166":7,"167":7,"168":7,"169":1,"170":6,"171":1,"172":5,"173":5,"174":5,"175":5,"176":5,"177":5,"178":5,"179":1,"180":4,"181":4,"182":4,"183":4,"184":4,"185":4,"186":4,"187":4,"188":0,"189":11},"f":{"0":11,"1":0,"2":0,"3":4,"4":3,"5":0,"6":9,"7":0,"8":8,"9":7},"b":{"0":[0,0],"1":[0,0],"2":[0,0],"3":[0,0],"4":[0,0],"5":[0,0],"6":[0,0],"7":[0,0],"8":[0,0],"9":[0,0],"10":[0,0],"11":[0,0],"12":[0,0],"13":[0,0],"14":[0,0],"15":[0,0],"16":[0,0],"17":[2,2],"18":[1,1],"19":[1,2],"20":[2,1],"21":[1,1],"22":[1,0],"23":[1,0],"24":[1,1],"25":[0,1],"26":[5,4],"27":[2,2],"28":[1,1],"29":[1,0],"30":[1,0],"31":[1,1],"32":[0,1],"33":[1,7],"34":[1,6],"35":[7,6],"36":[1,5],"37":[1,4],"38":[0,3],"39":[3,0],"40":[0,0],"41":[1,6],"42":[1,5],"43":[0,5],"44":[5,2,1],"45":[1,4],"46":[4,0]},"_coverageSchema":"1a1c01bbd47fc00a2c39e90264f33305004495a9","hash":"8ad11b246cbf120d5522e66a3c1475ef5434cdc4"}
,"/home/qiankai/projects/meeting-minutes/services/bedrock.js": {"path":"/home/qiankai/projects/meeting-minutes/services/bedrock.js","statementMap":{"0":{"start":{"line":4,"column":4},"end":{"line":4,"column":46}},"1":{"start":{"line":6,"column":22},"end":{"line":8,"column":2}},"2":{"start":{"line":10,"column":25},"end":{"line":10,"column":61}},"3":{"start":{"line":13,"column":20},"end":{"line":13,"column":22}},"4":{"start":{"line":14,"column":2},"end":{"line":19,"column":3}},"5":{"start":{"line":15,"column":20},"end":{"line":15,"column":87}},"6":{"start":{"line":15,"column":63},"end":{"line":15,"column":75}},"7":{"start":{"line":16,"column":4},"end":{"line":16,"column":62}},"8":{"start":{"line":17,"column":9},"end":{"line":19,"column":3}},"9":{"start":{"line":18,"column":4},"end":{"line":18,"column":169}},"10":{"start":{"line":21,"column":23},"end":{"line":23,"column":8}},"11":{"start":{"line":25,"column":2},"end":{"line":48,"column":3}},"12":{"start":{"line":26,"column":23},"end":{"line":28,"column":10}},"13":{"start":{"line":29,"column":4},"end":{"line":47,"column":11}},"14":{"start":{"line":50,"column":2},"end":{"line":91,"column":3}},"15":{"start":{"line":51,"column":4},"end":{"line":90,"column":11}},"16":{"start":{"line":93,"column":2},"end":{"line":111,"column":3}},"17":{"start":{"line":94,"column":4},"end":{"line":110,"column":11}},"18":{"start":{"line":113,"column":2},"end":{"line":170,"column":3}},"19":{"start":{"line":114,"column":4},"end":{"line":169,"column":11}},"20":{"start":{"line":173,"column":2},"end":{"line":197,"column":18}},"21":{"start":{"line":201,"column":20},"end":{"line":201,"column":26}},"22":{"start":{"line":202,"column":19},"end":{"line":202,"column":24}},"23":{"start":{"line":205,"column":2},"end":{"line":211,"column":3}},"24":{"start":{"line":206,"column":25},"end":{"line":206,"column":46}},"25":{"start":{"line":207,"column":16},"end":{"line":207,"column":42}},"26":{"start":{"line":208,"column":19},"end":{"line":208,"column":37}},"27":{"start":{"line":209,"column":18},"end":{"line":209,"column":55}},"28":{"start":{"line":210,"column":4},"end":{"line":210,"column":60}},"29":{"start":{"line":214,"column":2},"end":{"line":220,"column":3}},"30":{"start":{"line":215,"column":26},"end":{"line":215,"column":40}},"31":{"start":{"line":216,"column":18},"end":{"line":216,"column":43}},"32":{"start":{"line":217,"column":27},"end":{"line":217,"column":54}},"33":{"start":{"line":218,"column":24},"end":{"line":218,"column":90}},"34":{"start":{"line":219,"column":4},"end":{"line":219,"column":49}},"35":{"start":{"line":222,"column":2},"end":{"line":222,"column":34}},"36":{"start":{"line":226,"column":20},"end":{"line":226,"column":54}},"37":{"start":{"line":227,"column":17},"end":{"line":227,"column":98}},"38":{"start":{"line":229,"column":15},"end":{"line":240,"column":3}},"39":{"start":{"line":242,"column":17},"end":{"line":242,"column":64}},"40":{"start":{"line":243,"column":2},"end":{"line":243,"column":32}},"41":{"start":{"line":246,"column":0},"end":{"line":246,"column":51}}},"fnMap":{"0":{"name":"getMeetingPrompt","decl":{"start":{"line":12,"column":9},"end":{"line":12,"column":25}},"loc":{"start":{"line":12,"column":115},"end":{"line":198,"column":1}},"line":12},"1":{"name":"(anonymous_1)","decl":{"start":{"line":15,"column":51},"end":{"line":15,"column":52}},"loc":{"start":{"line":15,"column":63},"end":{"line":15,"column":75}},"line":15},"2":{"name":"truncateTranscript","decl":{"start":{"line":200,"column":9},"end":{"line":200,"column":27}},"loc":{"start":{"line":200,"column":34},"end":{"line":223,"column":1}},"line":200},"3":{"name":"invokeModel","decl":{"start":{"line":225,"column":15},"end":{"line":225,"column":26}},"loc":{"start":{"line":225,"column":156},"end":{"line":244,"column":1}},"line":225}},"branchMap":{"0":{"loc":{"start":{"line":12,"column":55},"end":{"line":12,"column":73}},"type":"default-arg","locations":[{"start":{"line":12,"column":71},"end":{"line":12,"column":73}}],"line":12},"1":{"loc":{"start":{"line":12,"column":75},"end":{"line":12,"column":92}},"type":"default-arg","locations":[{"start":{"line":12,"column":88},"end":{"line":12,"column":92}}],"line":12},"2":{"loc":{"start":{"line":12,"column":94},"end":{"line":12,"column":113}},"type":"default-arg","locations":[{"start":{"line":12,"column":109},"end":{"line":12,"column":113}}],"line":12},"3":{"loc":{"start":{"line":14,"column":2},"end":{"line":19,"column":3}},"type":"if","locations":[{"start":{"line":14,"column":2},"end":{"line":19,"column":3}},{"start":{"line":17,"column":9},"end":{"line":19,"column":3}}],"line":14},"4":{"loc":{"start":{"line":14,"column":6},"end":{"line":14,"column":54}},"type":"binary-expr","locations":[{"start":{"line":14,"column":6},"end":{"line":14,"column":16}},{"start":{"line":14,"column":20},"end":{"line":14,"column":54}}],"line":14},"5":{"loc":{"start":{"line":17,"column":9},"end":{"line":19,"column":3}},"type":"if","locations":[{"start":{"line":17,"column":9},"end":{"line":19,"column":3}},{"start":{},"end":{}}],"line":17},"6":{"loc":{"start":{"line":21,"column":23},"end":{"line":23,"column":8}},"type":"cond-expr","locations":[{"start":{"line":22,"column":6},"end":{"line":22,"column":59}},{"start":{"line":23,"column":6},"end":{"line":23,"column":8}}],"line":21},"7":{"loc":{"start":{"line":25,"column":2},"end":{"line":48,"column":3}},"type":"if","locations":[{"start":{"line":25,"column":2},"end":{"line":48,"column":3}},{"start":{},"end":{}}],"line":25},"8":{"loc":{"start":{"line":26,"column":23},"end":{"line":28,"column":10}},"type":"cond-expr","locations":[{"start":{"line":27,"column":8},"end":{"line":27,"column":36}},{"start":{"line":28,"column":8},"end":{"line":28,"column":10}}],"line":26},"9":{"loc":{"start":{"line":50,"column":2},"end":{"line":91,"column":3}},"type":"if","locations":[{"start":{"line":50,"column":2},"end":{"line":91,"column":3}},{"start":{},"end":{}}],"line":50},"10":{"loc":{"start":{"line":93,"column":2},"end":{"line":111,"column":3}},"type":"if","locations":[{"start":{"line":93,"column":2},"end":{"line":111,"column":3}},{"start":{},"end":{}}],"line":93},"11":{"loc":{"start":{"line":113,"column":2},"end":{"line":170,"column":3}},"type":"if","locations":[{"start":{"line":113,"column":2},"end":{"line":170,"column":3}},{"start":{},"end":{}}],"line":113},"12":{"loc":{"start":{"line":205,"column":2},"end":{"line":211,"column":3}},"type":"if","locations":[{"start":{"line":205,"column":2},"end":{"line":211,"column":3}},{"start":{},"end":{}}],"line":205},"13":{"loc":{"start":{"line":205,"column":6},"end":{"line":205,"column":83}},"type":"binary-expr","locations":[{"start":{"line":205,"column":6},"end":{"line":205,"column":42}},{"start":{"line":205,"column":46},"end":{"line":205,"column":83}}],"line":205},"14":{"loc":{"start":{"line":214,"column":2},"end":{"line":220,"column":3}},"type":"if","locations":[{"start":{"line":214,"column":2},"end":{"line":220,"column":3}},{"start":{},"end":{}}],"line":214},"15":{"loc":{"start":{"line":214,"column":6},"end":{"line":214,"column":75}},"type":"binary-expr","locations":[{"start":{"line":214,"column":6},"end":{"line":214,"column":42}},{"start":{"line":214,"column":46},"end":{"line":214,"column":75}}],"line":214},"16":{"loc":{"start":{"line":225,"column":43},"end":{"line":225,"column":66}},"type":"default-arg","locations":[{"start":{"line":225,"column":57},"end":{"line":225,"column":66}}],"line":225},"17":{"loc":{"start":{"line":225,"column":68},"end":{"line":225,"column":86}},"type":"default-arg","locations":[{"start":{"line":225,"column":84},"end":{"line":225,"column":86}}],"line":225},"18":{"loc":{"start":{"line":225,"column":88},"end":{"line":225,"column":114}},"type":"default-arg","locations":[{"start":{"line":225,"column":98},"end":{"line":225,"column":114}}],"line":225},"19":{"loc":{"start":{"line":225,"column":116},"end":{"line":225,"column":133}},"type":"default-arg","locations":[{"start":{"line":225,"column":129},"end":{"line":225,"column":133}}],"line":225},"20":{"loc":{"start":{"line":225,"column":135},"end":{"line":225,"column":154}},"type":"default-arg","locations":[{"start":{"line":225,"column":150},"end":{"line":225,"column":154}}],"line":225}},"s":{"0":11,"1":11,"2":11,"3":30,"4":30,"5":1,"6":2,"7":1,"8":29,"9":3,"10":30,"11":30,"12":0,"13":0,"14":30,"15":6,"16":24,"17":2,"18":22,"19":6,"20":16,"21":1,"22":1,"23":1,"24":0,"25":0,"26":0,"27":0,"28":0,"29":1,"30":0,"31":0,"32":0,"33":0,"34":0,"35":1,"36":1,"37":1,"38":1,"39":1,"40":1,"41":11},"f":{"0":30,"1":2,"2":1,"3":1},"b":{"0":[22],"1":[26],"2":[29],"3":[1,29],"4":[30,2],"5":[3,26],"6":[2,28],"7":[0,30],"8":[0,0],"9":[6,24],"10":[2,22],"11":[6,16],"12":[0,1],"13":[1,0],"14":[0,1],"15":[1,0],"16":[0],"17":[1],"18":[1],"19":[1],"20":[1]},"_coverageSchema":"1a1c01bbd47fc00a2c39e90264f33305004495a9","hash":"7f9bf71c546abf90f015392aa272d029bd280d6a"}
,"/home/qiankai/projects/meeting-minutes/services/logger.js": {"path":"/home/qiankai/projects/meeting-minutes/services/logger.js","statementMap":{"0":{"start":{"line":5,"column":16},"end":{"line":5,"column":61}},"1":{"start":{"line":8,"column":2},"end":{"line":8,"column":114}},"2":{"start":{"line":11,"column":15},"end":{"line":17,"column":1}},"3":{"start":{"line":12,"column":34},"end":{"line":12,"column":80}},"4":{"start":{"line":13,"column":34},"end":{"line":13,"column":81}},"5":{"start":{"line":14,"column":39},"end":{"line":16,"column":4}},"6":{"start":{"line":19,"column":0},"end":{"line":19,"column":24}}},"fnMap":{"0":{"name":"fmt","decl":{"start":{"line":7,"column":9},"end":{"line":7,"column":12}},"loc":{"start":{"line":7,"column":46},"end":{"line":9,"column":1}},"line":7},"1":{"name":"(anonymous_1)","decl":{"start":{"line":12,"column":9},"end":{"line":12,"column":10}},"loc":{"start":{"line":12,"column":34},"end":{"line":12,"column":80}},"line":12},"2":{"name":"(anonymous_2)","decl":{"start":{"line":13,"column":9},"end":{"line":13,"column":10}},"loc":{"start":{"line":13,"column":34},"end":{"line":13,"column":81}},"line":13},"3":{"name":"(anonymous_3)","decl":{"start":{"line":14,"column":9},"end":{"line":14,"column":10}},"loc":{"start":{"line":14,"column":39},"end":{"line":16,"column":4}},"line":14}},"branchMap":{"0":{"loc":{"start":{"line":5,"column":16},"end":{"line":5,"column":61}},"type":"binary-expr","locations":[{"start":{"line":5,"column":16},"end":{"line":5,"column":40}},{"start":{"line":5,"column":44},"end":{"line":5,"column":61}}],"line":5},"1":{"loc":{"start":{"line":7,"column":35},"end":{"line":7,"column":44}},"type":"default-arg","locations":[{"start":{"line":7,"column":42},"end":{"line":7,"column":44}}],"line":7},"2":{"loc":{"start":{"line":15,"column":19},"end":{"line":15,"column":70}},"type":"cond-expr","locations":[{"start":{"line":15,"column":25},"end":{"line":15,"column":65}},{"start":{"line":15,"column":68},"end":{"line":15,"column":70}}],"line":15}},"s":{"0":11,"1":0,"2":11,"3":0,"4":0,"5":0,"6":11},"f":{"0":0,"1":0,"2":0,"3":0},"b":{"0":[11,11],"1":[0],"2":[0,0]},"_coverageSchema":"1a1c01bbd47fc00a2c39e90264f33305004495a9","hash":"2fb5588b7f4abe8d7804480a5552d91eaf209722"}
,"/home/qiankai/projects/meeting-minutes/services/s3.js": {"path":"/home/qiankai/projects/meeting-minutes/services/s3.js","statementMap":{"0":{"start":{"line":1,"column":57},"end":{"line":1,"column":86}},"1":{"start":{"line":3,"column":11},"end":{"line":3,"column":59}},"2":{"start":{"line":4,"column":15},"end":{"line":4,"column":36}},"3":{"start":{"line":5,"column":15},"end":{"line":5,"column":36}},"4":{"start":{"line":8,"column":18},"end":{"line":8,"column":36}},"5":{"start":{"line":9,"column":2},"end":{"line":14,"column":6}},"6":{"start":{"line":15,"column":2},"end":{"line":15,"column":13}},"7":{"start":{"line":19,"column":18},"end":{"line":19,"column":67}},"8":{"start":{"line":20,"column":15},"end":{"line":23,"column":5}},"9":{"start":{"line":24,"column":2},"end":{"line":24,"column":19}},"10":{"start":{"line":27,"column":0},"end":{"line":27,"column":45}}},"fnMap":{"0":{"name":"uploadFile","decl":{"start":{"line":7,"column":15},"end":{"line":7,"column":25}},"loc":{"start":{"line":7,"column":50},"end":{"line":16,"column":1}},"line":7},"1":{"name":"getFile","decl":{"start":{"line":18,"column":15},"end":{"line":18,"column":22}},"loc":{"start":{"line":18,"column":28},"end":{"line":25,"column":1}},"line":18}},"branchMap":{"0":{"loc":{"start":{"line":19,"column":18},"end":{"line":19,"column":67}},"type":"cond-expr","locations":[{"start":{"line":19,"column":43},"end":{"line":19,"column":46}},{"start":{"line":19,"column":49},"end":{"line":19,"column":67}}],"line":19}},"s":{"0":6,"1":6,"2":6,"3":6,"4":0,"5":0,"6":0,"7":0,"8":0,"9":0,"10":6},"f":{"0":0,"1":0},"b":{"0":[0,0]},"_coverageSchema":"1a1c01bbd47fc00a2c39e90264f33305004495a9","hash":"f469c64c73675e0fa976839e968117efebfa7461"}
}
