{"/home/qiankai/projects/meeting-minutes/services/bedrock.js": {"path":"/home/qiankai/projects/meeting-minutes/services/bedrock.js","statementMap":{"0":{"start":{"line":4,"column":4},"end":{"line":4,"column":46}},"1":{"start":{"line":6,"column":22},"end":{"line":8,"column":2}},"2":{"start":{"line":10,"column":25},"end":{"line":10,"column":61}},"3":{"start":{"line":13,"column":20},"end":{"line":13,"column":22}},"4":{"start":{"line":14,"column":2},"end":{"line":19,"column":3}},"5":{"start":{"line":15,"column":20},"end":{"line":15,"column":87}},"6":{"start":{"line":15,"column":63},"end":{"line":15,"column":75}},"7":{"start":{"line":16,"column":4},"end":{"line":16,"column":62}},"8":{"start":{"line":17,"column":9},"end":{"line":19,"column":3}},"9":{"start":{"line":18,"column":4},"end":{"line":18,"column":169}},"10":{"start":{"line":21,"column":23},"end":{"line":23,"column":8}},"11":{"start":{"line":25,"column":2},"end":{"line":48,"column":3}},"12":{"start":{"line":26,"column":23},"end":{"line":28,"column":10}},"13":{"start":{"line":29,"column":4},"end":{"line":47,"column":11}},"14":{"start":{"line":50,"column":2},"end":{"line":91,"column":3}},"15":{"start":{"line":51,"column":4},"end":{"line":90,"column":11}},"16":{"start":{"line":93,"column":2},"end":{"line":111,"column":3}},"17":{"start":{"line":94,"column":4},"end":{"line":110,"column":11}},"18":{"start":{"line":113,"column":2},"end":{"line":170,"column":3}},"19":{"start":{"line":114,"column":4},"end":{"line":169,"column":11}},"20":{"start":{"line":173,"column":2},"end":{"line":197,"column":18}},"21":{"start":{"line":201,"column":20},"end":{"line":201,"column":26}},"22":{"start":{"line":202,"column":19},"end":{"line":202,"column":24}},"23":{"start":{"line":205,"column":2},"end":{"line":211,"column":3}},"24":{"start":{"line":206,"column":25},"end":{"line":206,"column":46}},"25":{"start":{"line":207,"column":16},"end":{"line":207,"column":42}},"26":{"start":{"line":208,"column":19},"end":{"line":208,"column":37}},"27":{"start":{"line":209,"column":18},"end":{"line":209,"column":55}},"28":{"start":{"line":210,"column":4},"end":{"line":210,"column":60}},"29":{"start":{"line":214,"column":2},"end":{"line":220,"column":3}},"30":{"start":{"line":215,"column":26},"end":{"line":215,"column":40}},"31":{"start":{"line":216,"column":18},"end":{"line":216,"column":43}},"32":{"start":{"line":217,"column":27},"end":{"line":217,"column":54}},"33":{"start":{"line":218,"column":24},"end":{"line":218,"column":90}},"34":{"start":{"line":219,"column":4},"end":{"line":219,"column":49}},"35":{"start":{"line":222,"column":2},"end":{"line":222,"column":34}},"36":{"start":{"line":226,"column":20},"end":{"line":226,"column":54}},"37":{"start":{"line":227,"column":17},"end":{"line":227,"column":98}},"38":{"start":{"line":229,"column":15},"end":{"line":240,"column":3}},"39":{"start":{"line":242,"column":17},"end":{"line":242,"column":64}},"40":{"start":{"line":243,"column":2},"end":{"line":243,"column":32}},"41":{"start":{"line":246,"column":0},"end":{"line":246,"column":51}}},"fnMap":{"0":{"name":"getMeetingPrompt","decl":{"start":{"line":12,"column":9},"end":{"line":12,"column":25}},"loc":{"start":{"line":12,"column":115},"end":{"line":198,"column":1}},"line":12},"1":{"name":"(anonymous_1)","decl":{"start":{"line":15,"column":51},"end":{"line":15,"column":52}},"loc":{"start":{"line":15,"column":63},"end":{"line":15,"column":75}},"line":15},"2":{"name":"truncateTranscript","decl":{"start":{"line":200,"column":9},"end":{"line":200,"column":27}},"loc":{"start":{"line":200,"column":34},"end":{"line":223,"column":1}},"line":200},"3":{"name":"invokeModel","decl":{"start":{"line":225,"column":15},"end":{"line":225,"column":26}},"loc":{"start":{"line":225,"column":156},"end":{"line":244,"column":1}},"line":225}},"branchMap":{"0":{"loc":{"start":{"line":12,"column":55},"end":{"line":12,"column":73}},"type":"default-arg","locations":[{"start":{"line":12,"column":71},"end":{"line":12,"column":73}}],"line":12},"1":{"loc":{"start":{"line":12,"column":75},"end":{"line":12,"column":92}},"type":"default-arg","locations":[{"start":{"line":12,"column":88},"end":{"line":12,"column":92}}],"line":12},"2":{"loc":{"start":{"line":12,"column":94},"end":{"line":12,"column":113}},"type":"default-arg","locations":[{"start":{"line":12,"column":109},"end":{"line":12,"column":113}}],"line":12},"3":{"loc":{"start":{"line":14,"column":2},"end":{"line":19,"column":3}},"type":"if","locations":[{"start":{"line":14,"column":2},"end":{"line":19,"column":3}},{"start":{"line":17,"column":9},"end":{"line":19,"column":3}}],"line":14},"4":{"loc":{"start":{"line":14,"column":6},"end":{"line":14,"column":54}},"type":"binary-expr","locations":[{"start":{"line":14,"column":6},"end":{"line":14,"column":16}},{"start":{"line":14,"column":20},"end":{"line":14,"column":54}}],"line":14},"5":{"loc":{"start":{"line":17,"column":9},"end":{"line":19,"column":3}},"type":"if","locations":[{"start":{"line":17,"column":9},"end":{"line":19,"column":3}},{"start":{},"end":{}}],"line":17},"6":{"loc":{"start":{"line":21,"column":23},"end":{"line":23,"column":8}},"type":"cond-expr","locations":[{"start":{"line":22,"column":6},"end":{"line":22,"column":59}},{"start":{"line":23,"column":6},"end":{"line":23,"column":8}}],"line":21},"7":{"loc":{"start":{"line":25,"column":2},"end":{"line":48,"column":3}},"type":"if","locations":[{"start":{"line":25,"column":2},"end":{"line":48,"column":3}},{"start":{},"end":{}}],"line":25},"8":{"loc":{"start":{"line":26,"column":23},"end":{"line":28,"column":10}},"type":"cond-expr","locations":[{"start":{"line":27,"column":8},"end":{"line":27,"column":36}},{"start":{"line":28,"column":8},"end":{"line":28,"column":10}}],"line":26},"9":{"loc":{"start":{"line":50,"column":2},"end":{"line":91,"column":3}},"type":"if","locations":[{"start":{"line":50,"column":2},"end":{"line":91,"column":3}},{"start":{},"end":{}}],"line":50},"10":{"loc":{"start":{"line":93,"column":2},"end":{"line":111,"column":3}},"type":"if","locations":[{"start":{"line":93,"column":2},"end":{"line":111,"column":3}},{"start":{},"end":{}}],"line":93},"11":{"loc":{"start":{"line":113,"column":2},"end":{"line":170,"column":3}},"type":"if","locations":[{"start":{"line":113,"column":2},"end":{"line":170,"column":3}},{"start":{},"end":{}}],"line":113},"12":{"loc":{"start":{"line":205,"column":2},"end":{"line":211,"column":3}},"type":"if","locations":[{"start":{"line":205,"column":2},"end":{"line":211,"column":3}},{"start":{},"end":{}}],"line":205},"13":{"loc":{"start":{"line":205,"column":6},"end":{"line":205,"column":83}},"type":"binary-expr","locations":[{"start":{"line":205,"column":6},"end":{"line":205,"column":42}},{"start":{"line":205,"column":46},"end":{"line":205,"column":83}}],"line":205},"14":{"loc":{"start":{"line":214,"column":2},"end":{"line":220,"column":3}},"type":"if","locations":[{"start":{"line":214,"column":2},"end":{"line":220,"column":3}},{"start":{},"end":{}}],"line":214},"15":{"loc":{"start":{"line":214,"column":6},"end":{"line":214,"column":75}},"type":"binary-expr","locations":[{"start":{"line":214,"column":6},"end":{"line":214,"column":42}},{"start":{"line":214,"column":46},"end":{"line":214,"column":75}}],"line":214},"16":{"loc":{"start":{"line":225,"column":43},"end":{"line":225,"column":66}},"type":"default-arg","locations":[{"start":{"line":225,"column":57},"end":{"line":225,"column":66}}],"line":225},"17":{"loc":{"start":{"line":225,"column":68},"end":{"line":225,"column":86}},"type":"default-arg","locations":[{"start":{"line":225,"column":84},"end":{"line":225,"column":86}}],"line":225},"18":{"loc":{"start":{"line":225,"column":88},"end":{"line":225,"column":114}},"type":"default-arg","locations":[{"start":{"line":225,"column":98},"end":{"line":225,"column":114}}],"line":225},"19":{"loc":{"start":{"line":225,"column":116},"end":{"line":225,"column":133}},"type":"default-arg","locations":[{"start":{"line":225,"column":129},"end":{"line":225,"column":133}}],"line":225},"20":{"loc":{"start":{"line":225,"column":135},"end":{"line":225,"column":154}},"type":"default-arg","locations":[{"start":{"line":225,"column":150},"end":{"line":225,"column":154}}],"line":225}},"s":{"0":13,"1":13,"2":13,"3":49,"4":49,"5":3,"6":5,"7":3,"8":46,"9":4,"10":49,"11":49,"12":2,"13":2,"14":47,"15":7,"16":40,"17":3,"18":37,"19":7,"20":30,"21":10,"22":10,"23":10,"24":0,"25":0,"26":0,"27":0,"28":0,"29":10,"30":0,"31":0,"32":0,"33":0,"34":0,"35":10,"36":10,"37":10,"38":10,"39":8,"40":7,"41":13},"f":{"0":49,"1":5,"2":10,"3":10},"b":{"0":[28],"1":[34],"2":[38],"3":[3,46],"4":[49,4],"5":[4,42],"6":[4,45],"7":[2,47],"8":[1,1],"9":[7,40],"10":[3,37],"11":[7,30],"12":[0,10],"13":[10,0],"14":[0,10],"15":[10,0],"16":[0],"17":[7],"18":[8],"19":[9],"20":[10]},"_coverageSchema":"1a1c01bbd47fc00a2c39e90264f33305004495a9","hash":"7f9bf71c546abf90f015392aa272d029bd280d6a"}
,"/home/qiankai/projects/meeting-minutes/services/s3.js": {"path":"/home/qiankai/projects/meeting-minutes/services/s3.js","statementMap":{"0":{"start":{"line":1,"column":57},"end":{"line":1,"column":86}},"1":{"start":{"line":3,"column":11},"end":{"line":3,"column":59}},"2":{"start":{"line":4,"column":15},"end":{"line":4,"column":36}},"3":{"start":{"line":5,"column":15},"end":{"line":5,"column":36}},"4":{"start":{"line":8,"column":18},"end":{"line":8,"column":36}},"5":{"start":{"line":9,"column":2},"end":{"line":14,"column":6}},"6":{"start":{"line":15,"column":2},"end":{"line":15,"column":13}},"7":{"start":{"line":19,"column":18},"end":{"line":19,"column":67}},"8":{"start":{"line":20,"column":15},"end":{"line":23,"column":5}},"9":{"start":{"line":24,"column":2},"end":{"line":24,"column":19}},"10":{"start":{"line":27,"column":0},"end":{"line":27,"column":45}}},"fnMap":{"0":{"name":"uploadFile","decl":{"start":{"line":7,"column":15},"end":{"line":7,"column":25}},"loc":{"start":{"line":7,"column":50},"end":{"line":16,"column":1}},"line":7},"1":{"name":"getFile","decl":{"start":{"line":18,"column":15},"end":{"line":18,"column":22}},"loc":{"start":{"line":18,"column":28},"end":{"line":25,"column":1}},"line":18}},"branchMap":{"0":{"loc":{"start":{"line":19,"column":18},"end":{"line":19,"column":67}},"type":"cond-expr","locations":[{"start":{"line":19,"column":43},"end":{"line":19,"column":46}},{"start":{"line":19,"column":49},"end":{"line":19,"column":67}}],"line":19}},"s":{"0":8,"1":8,"2":8,"3":8,"4":4,"5":4,"6":3,"7":5,"8":5,"9":3,"10":8},"f":{"0":4,"1":5},"b":{"0":[1,4]},"_coverageSchema":"1a1c01bbd47fc00a2c39e90264f33305004495a9","hash":"f469c64c73675e0fa976839e968117efebfa7461"}
}
