{"total": {"lines":{"total":574,"covered":322,"skipped":0,"pct":56.09},"statements":{"total":602,"covered":333,"skipped":0,"pct":55.31},"functions":{"total":62,"covered":35,"skipped":0,"pct":56.45},"branches":{"total":305,"covered":151,"skipped":0,"pct":49.5},"branchesTrue":{"total":0,"covered":0,"skipped":0,"pct":100}}
,"/home/qiankai/projects/meeting-minutes/routes/glossary.js": {"lines":{"total":55,"covered":36,"skipped":0,"pct":65.45},"functions":{"total":5,"covered":2,"skipped":0,"pct":40},"statements":{"total":58,"covered":36,"skipped":0,"pct":62.06},"branches":{"total":22,"covered":12,"skipped":0,"pct":54.54}}
,"/home/qiankai/projects/meeting-minutes/routes/meetings/core.js": {"lines":{"total":136,"covered":31,"skipped":0,"pct":22.79},"functions":{"total":13,"covered":2,"skipped":0,"pct":15.38},"statements":{"total":144,"covered":32,"skipped":0,"pct":22.22},"branches":{"total":66,"covered":6,"skipped":0,"pct":9.09}}
,"/home/qiankai/projects/meeting-minutes/routes/meetings/email.js": {"lines":{"total":16,"covered":5,"skipped":0,"pct":31.25},"functions":{"total":2,"covered":1,"skipped":0,"pct":50},"statements":{"total":18,"covered":5,"skipped":0,"pct":27.77},"branches":{"total":8,"covered":0,"skipped":0,"pct":0}}
,"/home/qiankai/projects/meeting-minutes/routes/meetings/helpers.js": {"lines":{"total":84,"covered":52,"skipped":0,"pct":61.9},"functions":{"total":6,"covered":4,"skipped":0,"pct":66.66},"statements":{"total":87,"covered":54,"skipped":0,"pct":62.06},"branches":{"total":61,"covered":40,"skipped":0,"pct":65.57}}
,"/home/qiankai/projects/meeting-minutes/routes/meetings/index.js": {"lines":{"total":11,"covered":11,"skipped":0,"pct":100},"functions":{"total":0,"covered":0,"skipped":0,"pct":100},"statements":{"total":11,"covered":11,"skipped":0,"pct":100},"branches":{"total":0,"covered":0,"skipped":0,"pct":100}}
,"/home/qiankai/projects/meeting-minutes/routes/meetings/report.js": {"lines":{"total":178,"covered":115,"skipped":0,"pct":64.6},"functions":{"total":10,"covered":6,"skipped":0,"pct":60},"statements":{"total":189,"covered":122,"skipped":0,"pct":64.55},"branches":{"total":89,"covered":47,"skipped":0,"pct":52.8}}
,"/home/qiankai/projects/meeting-minutes/services/bedrock.js": {"lines":{"total":41,"covered":29,"skipped":0,"pct":70.73},"functions":{"total":4,"covered":4,"skipped":0,"pct":100},"statements":{"total":42,"covered":30,"skipped":0,"pct":71.42},"branches":{"total":34,"covered":26,"skipped":0,"pct":76.47}}
,"/home/qiankai/projects/meeting-minutes/services/glossary-store.js": {"lines":{"total":11,"covered":11,"skipped":0,"pct":100},"functions":{"total":4,"covered":4,"skipped":0,"pct":100},"statements":{"total":11,"covered":11,"skipped":0,"pct":100},"branches":{"total":4,"covered":4,"skipped":0,"pct":100}}
,"/home/qiankai/projects/meeting-minutes/services/logger.js": {"lines":{"total":7,"covered":3,"skipped":0,"pct":42.85},"functions":{"total":4,"covered":0,"skipped":0,"pct":0},"statements":{"total":7,"covered":3,"skipped":0,"pct":42.85},"branches":{"total":5,"covered":2,"skipped":0,"pct":40}}
,"/home/qiankai/projects/meeting-minutes/services/meeting-store.js": {"lines":{"total":24,"covered":24,"skipped":0,"pct":100},"functions":{"total":12,"covered":12,"skipped":0,"pct":100},"statements":{"total":24,"covered":24,"skipped":0,"pct":100},"branches":{"total":14,"covered":14,"skipped":0,"pct":100}}
,"/home/qiankai/projects/meeting-minutes/services/s3.js": {"lines":{"total":11,"covered":5,"skipped":0,"pct":45.45},"functions":{"total":2,"covered":0,"skipped":0,"pct":0},"statements":{"total":11,"covered":5,"skipped":0,"pct":45.45},"branches":{"total":2,"covered":0,"skipped":0,"pct":0}}
}
