TN:
SF:routes/glossary.js
FN:15,validateIdParam
FN:25,(anonymous_1)
FN:35,(anonymous_2)
FN:53,(anonymous_3)
FN:97,(anonymous_4)
FNF:5
FNH:2
FNDA:3,validateIdParam
FNDA:0,(anonymous_1)
FNDA:0,(anonymous_2)
FNDA:3,(anonymous_3)
FNDA:0,(anonymous_4)
DA:1,3
DA:2,3
DA:3,3
DA:9,3
DA:11,3
DA:12,3
DA:16,3
DA:17,3
DA:18,0
DA:20,3
DA:22,3
DA:25,3
DA:26,0
DA:27,0
DA:28,0
DA:30,0
DA:35,3
DA:36,0
DA:37,0
DA:38,0
DA:42,0
DA:43,0
DA:44,0
DA:45,0
DA:46,0
DA:48,0
DA:53,3
DA:54,3
DA:55,3
DA:56,1
DA:58,2
DA:59,2
DA:60,2
DA:61,2
DA:63,2
DA:64,2
DA:65,2
DA:66,2
DA:68,2
DA:69,2
DA:70,2
DA:71,2
DA:73,2
DA:74,2
DA:75,2
DA:76,2
DA:79,2
DA:80,2
DA:82,2
DA:90,2
DA:92,0
DA:97,3
DA:98,0
DA:99,0
DA:103,0
DA:105,0
DA:109,3
LF:57
LH:38
BRDA:17,0,0,0
BRDA:17,0,1,3
BRDA:17,1,0,3
BRDA:17,1,1,3
BRDA:17,1,2,3
BRDA:28,2,0,0
BRDA:28,2,1,0
BRDA:42,3,0,0
BRDA:42,3,1,0
BRDA:43,4,0,0
BRDA:43,4,1,0
BRDA:44,5,0,0
BRDA:44,5,1,0
BRDA:55,6,0,1
BRDA:55,6,1,2
BRDA:55,7,0,3
BRDA:55,7,1,2
BRDA:55,7,2,2
BRDA:63,8,0,2
BRDA:63,8,1,0
BRDA:68,9,0,2
BRDA:68,9,1,0
BRDA:73,10,0,2
BRDA:73,10,1,0
BRDA:86,11,0,2
BRDA:86,11,1,0
BRF:26
BRH:13
end_of_record
TN:
SF:routes/meetings/core.js
FN:20,register
FN:22,(anonymous_1)
FN:43,(anonymous_2)
FN:51,(anonymous_3)
FN:70,(anonymous_4)
FN:97,(anonymous_5)
FN:145,(anonymous_6)
FN:161,(anonymous_7)
FN:162,(anonymous_8)
FN:175,(anonymous_9)
FN:198,(anonymous_10)
FN:199,(anonymous_11)
FN:235,(anonymous_12)
FNF:13
FNH:2
FNDA:11,register
FNDA:0,(anonymous_1)
FNDA:0,(anonymous_2)
FNDA:0,(anonymous_3)
FNDA:0,(anonymous_4)
FNDA:0,(anonymous_5)
FNDA:0,(anonymous_6)
FNDA:0,(anonymous_7)
FNDA:0,(anonymous_8)
FNDA:0,(anonymous_9)
FNDA:0,(anonymous_10)
FNDA:0,(anonymous_11)
FNDA:6,(anonymous_12)
DA:1,11
DA:2,11
DA:3,11
DA:9,11
DA:10,11
DA:11,11
DA:12,11
DA:18,11
DA:22,11
DA:23,0
DA:24,0
DA:25,0
DA:27,0
DA:28,0
DA:29,0
DA:30,0
DA:31,0
DA:33,0
DA:34,0
DA:35,0
DA:36,0
DA:37,0
DA:38,0
DA:43,0
DA:44,0
DA:46,0
DA:51,11
DA:52,0
DA:53,0
DA:54,0
DA:59,0
DA:60,0
DA:61,0
DA:62,0
DA:63,0
DA:65,0
DA:70,11
DA:71,0
DA:72,0
DA:73,0
DA:76,0
DA:77,0
DA:78,0
DA:79,0
DA:80,0
DA:81,0
DA:83,0
DA:84,0
DA:90,0
DA:92,0
DA:97,11
DA:98,0
DA:99,0
DA:100,0
DA:102,0
DA:103,0
DA:104,0
DA:105,0
DA:107,0
DA:108,0
DA:109,0
DA:110,0
DA:112,0
DA:113,0
DA:114,0
DA:115,0
DA:117,0
DA:118,0
DA:119,0
DA:120,0
DA:122,0
DA:123,0
DA:124,0
DA:127,0
DA:128,0
DA:130,0
DA:138,0
DA:140,0
DA:145,11
DA:146,0
DA:147,0
DA:148,0
DA:150,0
DA:154,0
DA:156,0
DA:161,11
DA:162,0
DA:163,0
DA:165,0
DA:166,0
DA:168,0
DA:169,0
DA:171,0
DA:173,0
DA:176,0
DA:177,0
DA:178,0
DA:181,0
DA:182,0
DA:183,0
DA:186,0
DA:187,0
DA:190,0
DA:193,0
DA:194,0
DA:195,0
DA:196,0
DA:198,0
DA:199,0
DA:203,0
DA:204,0
DA:214,0
DA:217,0
DA:224,0
DA:227,0
DA:228,0
DA:230,0
DA:235,11
DA:236,6
DA:237,6
DA:238,6
DA:239,5
DA:240,1
DA:245,4
DA:246,4
DA:247,4
DA:261,1
DA:262,1
DA:264,0
DA:267,3
DA:268,3
DA:277,1
DA:278,1
DA:291,0
DA:293,1
DA:296,2
DA:298,0
DA:303,11
LF:138
LH:32
BRDA:25,0,0,0
BRDA:25,0,1,0
BRDA:30,1,0,0
BRDA:30,1,1,0
BRDA:35,2,0,0
BRDA:35,2,1,0
BRDA:35,3,0,0
BRDA:35,3,1,0
BRDA:37,4,0,0
BRDA:37,4,1,0
BRDA:37,5,0,0
BRDA:37,5,1,0
BRDA:59,6,0,0
BRDA:59,6,1,0
BRDA:60,7,0,0
BRDA:60,7,1,0
BRDA:61,8,0,0
BRDA:61,8,1,0
BRDA:73,9,0,0
BRDA:73,9,1,0
BRDA:76,10,0,0
BRDA:76,10,1,0
BRDA:76,11,0,0
BRDA:76,11,1,0
BRDA:81,12,0,0
BRDA:81,12,1,0
BRDA:100,13,0,0
BRDA:100,13,1,0
BRDA:107,14,0,0
BRDA:107,14,1,0
BRDA:112,15,0,0
BRDA:112,15,1,0
BRDA:117,16,0,0
BRDA:117,16,1,0
BRDA:122,17,0,0
BRDA:122,17,1,0
BRDA:134,18,0,0
BRDA:134,18,1,0
BRDA:148,19,0,0
BRDA:148,19,1,0
BRDA:163,20,0,0
BRDA:163,20,1,0
BRDA:165,21,0,0
BRDA:165,21,1,0
BRDA:165,22,0,0
BRDA:165,22,1,0
BRDA:168,23,0,0
BRDA:168,23,1,0
BRDA:177,24,0,0
BRDA:177,24,1,0
BRDA:195,25,0,0
BRDA:195,25,1,0
BRDA:203,26,0,0
BRDA:203,26,1,0
BRDA:206,27,0,0
BRDA:206,27,1,0
BRDA:212,28,0,0
BRDA:212,28,1,0
BRDA:227,29,0,0
BRDA:227,29,1,0
BRDA:227,30,0,0
BRDA:227,30,1,0
BRDA:238,31,0,1
BRDA:238,31,1,5
BRDA:239,32,0,1
BRDA:239,32,1,4
BRDA:261,33,0,1
BRDA:261,33,1,0
BRDA:272,34,0,3
BRDA:272,34,1,0
BRF:70
BRH:6
end_of_record
TN:
SF:routes/meetings/email.js
FN:9,register
FN:11,(anonymous_1)
FNF:2
FNH:1
FNDA:11,register
FNDA:0,(anonymous_1)
DA:1,11
DA:2,11
DA:3,11
DA:7,11
DA:11,11
DA:12,0
DA:13,0
DA:14,0
DA:15,0
DA:17,0
DA:18,0
DA:19,0
DA:23,0
DA:33,0
DA:40,0
DA:42,0
DA:47,11
LF:17
LH:6
BRDA:14,0,0,0
BRDA:14,0,1,0
BRDA:15,1,0,0
BRDA:15,1,1,0
BRDA:18,2,0,0
BRDA:18,2,1,0
BRDA:37,3,0,0
BRDA:37,3,1,0
BRF:8
BRH:0
end_of_record
TN:
SF:routes/meetings/helpers.js
FN:13,validateIdParam
FN:27,(anonymous_1)
FN:44,sanitizeFilename
FN:51,getMeetingById
FN:63,validateSpeakerMap
FN:84,readTranscriptParts
FNF:6
FNH:4
FNDA:15,validateIdParam
FNDA:0,(anonymous_1)
FNDA:0,sanitizeFilename
FNDA:28,getMeetingById
FNDA:13,validateSpeakerMap
FNDA:4,readTranscriptParts
DA:1,11
DA:2,11
DA:3,11
DA:4,11
DA:5,11
DA:6,11
DA:8,11
DA:9,11
DA:10,11
DA:14,15
DA:15,15
DA:16,0
DA:18,15
DA:21,11
DA:28,0
DA:34,0
DA:35,0
DA:36,0
DA:37,0
DA:39,0
DA:45,0
DA:52,28
DA:60,28
DA:64,13
DA:65,2
DA:67,11
DA:68,3
DA:70,8
DA:71,9
DA:72,1
DA:74,8
DA:75,0
DA:77,8
DA:78,1
DA:81,6
DA:85,4
DA:87,4
DA:88,0
DA:89,0
DA:90,0
DA:91,0
DA:92,0
DA:94,0
DA:95,0
DA:96,0
DA:97,0
DA:98,0
DA:99,0
DA:100,0
DA:102,0
DA:106,4
DA:107,0
DA:108,0
DA:109,0
DA:110,0
DA:111,0
DA:113,0
DA:114,0
DA:116,0
DA:120,4
DA:121,3
DA:122,3
DA:123,3
DA:124,3
DA:125,3
DA:127,3
DA:128,3
DA:129,3
DA:130,1
DA:131,1
DA:132,1
DA:133,1
DA:134,2
DA:135,2
DA:136,2
DA:137,2
DA:138,2
DA:140,0
DA:143,1
DA:144,1
DA:145,1
DA:146,2
DA:147,1
DA:150,0
DA:154,4
DA:157,11
LF:86
LH:54
BRDA:9,0,0,11
BRDA:9,0,1,11
BRDA:10,1,0,11
BRDA:10,1,1,11
BRDA:15,2,0,0
BRDA:15,2,1,15
BRDA:15,3,0,15
BRDA:15,3,1,15
BRDA:15,3,2,15
BRDA:36,4,0,0
BRDA:36,4,1,0
BRDA:36,5,0,0
BRDA:36,5,1,0
BRDA:60,6,0,28
BRDA:60,6,1,7
BRDA:64,7,0,2
BRDA:64,7,1,11
BRDA:64,8,0,13
BRDA:64,8,1,13
BRDA:64,8,2,11
BRDA:67,9,0,3
BRDA:67,9,1,8
BRDA:71,10,0,1
BRDA:71,10,1,8
BRDA:71,11,0,9
BRDA:71,11,1,8
BRDA:71,11,2,8
BRDA:74,12,0,0
BRDA:74,12,1,8
BRDA:77,13,0,1
BRDA:77,13,1,7
BRDA:87,14,0,0
BRDA:87,14,1,4
BRDA:92,15,0,0
BRDA:92,15,1,0
BRDA:98,16,0,0
BRDA:98,16,1,0
BRDA:106,17,0,0
BRDA:106,17,1,4
BRDA:111,18,0,0
BRDA:111,18,1,0
BRDA:120,19,0,3
BRDA:120,19,1,1
BRDA:125,20,0,0
BRDA:125,20,1,3
BRDA:129,21,0,1
BRDA:129,21,1,2
BRDA:129,22,0,3
BRDA:129,22,1,2
BRDA:134,23,0,2
BRDA:134,23,1,0
BRDA:135,24,0,2
BRDA:135,24,1,0
BRDA:136,25,0,1
BRDA:136,25,1,1
BRDA:138,26,0,2
BRDA:138,26,1,0
BRDA:140,27,0,0
BRDA:140,27,1,0
BRDA:143,28,0,1
BRDA:143,28,1,0
BRDA:146,29,0,1
BRDA:146,29,1,1
BRF:63
BRH:42
end_of_record
TN:
SF:routes/meetings/index.js
FNF:0
FNH:0
DA:1,11
DA:2,11
DA:3,11
DA:4,11
DA:5,11
DA:7,11
DA:8,11
DA:10,11
DA:11,11
DA:12,11
DA:14,11
LF:11
LH:11
BRF:0
BRH:0
end_of_record
TN:
SF:routes/meetings/report.js
FN:20,register
FN:22,(anonymous_1)
FN:88,(anonymous_2)
FN:137,(anonymous_3)
FN:165,(anonymous_4)
FN:187,(anonymous_5)
FN:226,(anonymous_6)
FN:262,(anonymous_7)
FN:301,(anonymous_8)
FN:373,(anonymous_9)
FNF:10
FNH:6
FNDA:11,register
FNDA:0,(anonymous_1)
FNDA:0,(anonymous_2)
FNDA:4,(anonymous_3)
FNDA:3,(anonymous_4)
FNDA:0,(anonymous_5)
FNDA:9,(anonymous_6)
FNDA:0,(anonymous_7)
FNDA:8,(anonymous_8)
FNDA:7,(anonymous_9)
DA:1,11
DA:2,11
DA:7,11
DA:8,11
DA:9,11
DA:10,11
DA:18,11
DA:22,11
DA:23,0
DA:24,0
DA:27,0
DA:28,0
DA:30,0
DA:31,0
DA:35,0
DA:36,0
DA:37,0
DA:38,0
DA:39,0
DA:43,0
DA:44,0
DA:45,0
DA:47,0
DA:48,0
DA:51,0
DA:52,0
DA:53,0
DA:54,0
DA:55,0
DA:56,0
DA:58,0
DA:59,0
DA:61,0
DA:65,0
DA:66,0
DA:67,0
DA:68,0
DA:69,0
DA:71,0
DA:75,0
DA:76,0
DA:79,0
DA:82,0
DA:83,0
DA:84,0
DA:88,0
DA:90,0
DA:94,0
DA:95,0
DA:98,0
DA:99,0
DA:100,0
DA:102,0
DA:105,0
DA:106,0
DA:109,0
DA:110,0
DA:113,0
DA:130,0
DA:132,0
DA:137,11
DA:138,4
DA:139,4
DA:140,4
DA:141,4
DA:142,2
DA:145,2
DA:146,2
DA:148,1
DA:158,1
DA:160,0
DA:165,11
DA:166,3
DA:167,3
DA:168,3
DA:170,2
DA:172,2
DA:173,2
DA:174,1
DA:177,1
DA:178,1
DA:181,1
DA:182,1
DA:183,1
DA:187,1
DA:189,0
DA:192,1
DA:193,1
DA:195,1
DA:196,1
DA:197,0
DA:199,1
DA:201,1
DA:202,1
DA:204,1
DA:219,1
DA:221,0
DA:226,11
DA:227,9
DA:228,9
DA:229,9
DA:230,9
DA:231,5
DA:234,4
DA:235,4
DA:238,2
DA:248,2
DA:249,2
DA:250,1
DA:253,1
DA:254,1
DA:256,1
DA:257,1
DA:258,1
DA:262,1
DA:264,0
DA:267,1
DA:268,1
DA:270,1
DA:271,1
DA:272,0
DA:274,1
DA:276,1
DA:277,1
DA:279,1
DA:294,1
DA:296,0
DA:301,11
DA:302,8
DA:303,8
DA:304,8
DA:305,8
DA:306,1
DA:308,7
DA:309,1
DA:312,6
DA:313,6
DA:314,5
DA:317,4
DA:318,3
DA:319,3
DA:320,3
DA:322,3
DA:325,3
DA:334,3
DA:342,3
DA:343,3
DA:344,3
DA:345,3
DA:346,0
DA:347,0
DA:349,0
DA:353,3
DA:356,3
DA:366,3
DA:368,1
DA:373,11
DA:374,7
DA:375,7
DA:376,7
DA:377,6
DA:380,5
DA:381,5
DA:382,5
DA:383,5
DA:385,5
DA:387,5
DA:388,5
DA:389,1
DA:392,4
DA:396,4
DA:410,4
DA:411,4
DA:412,4
DA:423,4
DA:424,4
DA:426,4
DA:428,0
DA:433,11
LF:179
LH:116
BRDA:27,0,0,0
BRDA:27,0,1,0
BRDA:27,1,0,0
BRDA:27,1,1,0
BRDA:30,2,0,0
BRDA:30,2,1,0
BRDA:38,3,0,0
BRDA:38,3,1,0
BRDA:51,4,0,0
BRDA:51,4,1,0
BRDA:51,5,0,0
BRDA:51,5,1,0
BRDA:56,6,0,0
BRDA:56,6,1,0
BRDA:65,7,0,0
BRDA:65,7,1,0
BRDA:66,8,0,0
BRDA:66,8,1,0
BRDA:67,9,0,0
BRDA:67,9,1,0
BRDA:68,10,0,0
BRDA:68,10,1,0
BRDA:75,11,0,0
BRDA:75,11,1,0
BRDA:88,12,0,0
BRDA:88,12,1,0
BRDA:94,13,0,0
BRDA:94,13,1,0
BRDA:95,14,0,0
BRDA:95,14,1,0
BRDA:99,15,0,0
BRDA:99,15,1,0
BRDA:120,16,0,0
BRDA:120,16,1,0
BRDA:141,17,0,2
BRDA:141,17,1,2
BRDA:146,18,0,1
BRDA:146,18,1,1
BRDA:168,19,0,1
BRDA:168,19,1,2
BRDA:170,20,0,2
BRDA:170,20,1,1
BRDA:173,21,0,1
BRDA:173,21,1,1
BRDA:178,22,0,1
BRDA:178,22,1,0
BRDA:187,23,0,1
BRDA:187,23,1,0
BRDA:192,24,0,1
BRDA:192,24,1,1
BRDA:196,25,0,0
BRDA:196,25,1,1
BRDA:230,26,0,5
BRDA:230,26,1,4
BRDA:235,27,0,2
BRDA:235,27,1,2
BRDA:249,28,0,1
BRDA:249,28,1,1
BRDA:254,29,0,1
BRDA:254,29,1,0
BRDA:262,30,0,1
BRDA:262,30,1,0
BRDA:267,31,0,1
BRDA:267,31,1,1
BRDA:271,32,0,0
BRDA:271,32,1,1
BRDA:305,33,0,1
BRDA:305,33,1,7
BRDA:308,34,0,1
BRDA:308,34,1,6
BRDA:308,35,0,7
BRDA:308,35,1,6
BRDA:313,36,0,1
BRDA:313,36,1,5
BRDA:314,37,0,1
BRDA:314,37,1,4
BRDA:320,38,0,0
BRDA:320,38,1,3
BRDA:344,39,0,3
BRDA:344,39,1,0
BRDA:346,40,0,0
BRDA:346,40,1,0
BRDA:376,41,0,1
BRDA:376,41,1,6
BRDA:377,42,0,1
BRDA:377,42,1,5
BRDA:383,43,0,0
BRDA:383,43,1,5
BRDA:387,44,0,5
BRDA:387,44,1,2
BRDA:387,44,2,1
BRDA:388,45,0,1
BRDA:388,45,1,4
BRDA:392,46,0,4
BRDA:392,46,1,0
BRF:95
BRH:49
end_of_record
TN:
SF:services/bedrock.js
FN:12,getMeetingPrompt
FN:15,(anonymous_1)
FN:200,truncateTranscript
FN:225,invokeModel
FNF:4
FNH:4
FNDA:30,getMeetingPrompt
FNDA:2,(anonymous_1)
FNDA:1,truncateTranscript
FNDA:1,invokeModel
DA:4,11
DA:6,11
DA:10,11
DA:13,30
DA:14,30
DA:15,2
DA:16,1
DA:17,29
DA:18,3
DA:21,30
DA:25,30
DA:26,0
DA:29,0
DA:50,30
DA:51,6
DA:93,24
DA:94,2
DA:113,22
DA:114,6
DA:173,16
DA:201,1
DA:202,1
DA:205,1
DA:206,0
DA:207,0
DA:208,0
DA:209,0
DA:210,0
DA:214,1
DA:215,0
DA:216,0
DA:217,0
DA:218,0
DA:219,0
DA:222,1
DA:226,1
DA:227,1
DA:229,1
DA:242,1
DA:243,1
DA:246,11
LF:41
LH:29
BRDA:12,0,0,22
BRDA:12,1,0,26
BRDA:12,2,0,29
BRDA:14,3,0,1
BRDA:14,3,1,29
BRDA:14,4,0,30
BRDA:14,4,1,2
BRDA:17,5,0,3
BRDA:17,5,1,26
BRDA:21,6,0,2
BRDA:21,6,1,28
BRDA:25,7,0,0
BRDA:25,7,1,30
BRDA:26,8,0,0
BRDA:26,8,1,0
BRDA:50,9,0,6
BRDA:50,9,1,24
BRDA:93,10,0,2
BRDA:93,10,1,22
BRDA:113,11,0,6
BRDA:113,11,1,16
BRDA:205,12,0,0
BRDA:205,12,1,1
BRDA:205,13,0,1
BRDA:205,13,1,0
BRDA:214,14,0,0
BRDA:214,14,1,1
BRDA:214,15,0,1
BRDA:214,15,1,0
BRDA:225,16,0,0
BRDA:225,17,0,1
BRDA:225,18,0,1
BRDA:225,19,0,1
BRDA:225,20,0,1
BRF:34
BRH:26
end_of_record
TN:
SF:services/logger.js
FN:7,fmt
FN:12,(anonymous_1)
FN:13,(anonymous_2)
FN:14,(anonymous_3)
FNF:4
FNH:0
FNDA:0,fmt
FNDA:0,(anonymous_1)
FNDA:0,(anonymous_2)
FNDA:0,(anonymous_3)
DA:5,11
DA:8,0
DA:11,11
DA:12,0
DA:13,0
DA:14,0
DA:19,11
LF:7
LH:3
BRDA:5,0,0,11
BRDA:5,0,1,11
BRDA:7,1,0,0
BRDA:15,2,0,0
BRDA:15,2,1,0
BRF:5
BRH:2
end_of_record
TN:
SF:services/s3.js
FN:7,uploadFile
FN:18,getFile
FNF:2
FNH:0
FNDA:0,uploadFile
FNDA:0,getFile
DA:1,6
DA:3,6
DA:4,6
DA:5,6
DA:8,0
DA:9,0
DA:15,0
DA:19,0
DA:20,0
DA:24,0
DA:27,6
LF:11
LH:5
BRDA:19,0,0,0
BRDA:19,0,1,0
BRF:2
BRH:0
end_of_record
