TN:
SF:routes/glossary.js
FN:8,validateIdParam
FN:18,(anonymous_1)
FN:28,(anonymous_2)
FN:46,(anonymous_3)
FN:83,(anonymous_4)
FNF:5
FNH:2
FNDA:3,validateIdParam
FNDA:0,(anonymous_1)
FNDA:0,(anonymous_2)
FNDA:3,(anonymous_3)
FNDA:0,(anonymous_4)
DA:1,3
DA:2,3
DA:3,3
DA:5,3
DA:9,3
DA:10,3
DA:11,0
DA:13,3
DA:15,3
DA:18,3
DA:19,0
DA:20,0
DA:21,0
DA:23,0
DA:28,3
DA:29,0
DA:30,0
DA:31,0
DA:35,0
DA:36,0
DA:37,0
DA:38,0
DA:39,0
DA:41,0
DA:46,3
DA:47,3
DA:48,3
DA:49,1
DA:51,2
DA:52,2
DA:53,2
DA:54,2
DA:56,2
DA:57,2
DA:58,2
DA:59,2
DA:61,2
DA:62,2
DA:63,2
DA:64,2
DA:66,2
DA:67,2
DA:68,2
DA:69,2
DA:72,2
DA:73,2
DA:75,2
DA:76,2
DA:78,0
DA:83,3
DA:84,0
DA:85,0
DA:86,0
DA:88,0
DA:92,3
LF:55
LH:36
BRDA:10,0,0,0
BRDA:10,0,1,3
BRDA:10,1,0,3
BRDA:10,1,1,3
BRDA:10,1,2,3
BRDA:35,2,0,0
BRDA:35,2,1,0
BRDA:36,3,0,0
BRDA:36,3,1,0
BRDA:37,4,0,0
BRDA:37,4,1,0
BRDA:48,5,0,1
BRDA:48,5,1,2
BRDA:48,6,0,3
BRDA:48,6,1,2
BRDA:48,6,2,2
BRDA:56,7,0,2
BRDA:56,7,1,0
BRDA:61,8,0,2
BRDA:61,8,1,0
BRDA:66,9,0,2
BRDA:66,9,1,0
BRF:22
BRH:12
end_of_record
TN:
SF:routes/meetings/core.js
FN:13,register
FN:15,(anonymous_1)
FN:35,(anonymous_2)
FN:43,(anonymous_3)
FN:62,(anonymous_4)
FN:89,(anonymous_5)
FN:130,(anonymous_6)
FN:143,(anonymous_7)
FN:144,(anonymous_8)
FN:157,(anonymous_9)
FN:180,(anonymous_10)
FN:181,(anonymous_11)
FN:217,(anonymous_12)
FNF:13
FNH:2
FNDA:11,register
FNDA:0,(anonymous_1)
FNDA:0,(anonymous_2)
FNDA:0,(anonymous_3)
FNDA:0,(anonymous_4)
FNDA:0,(anonymous_5)
FNDA:0,(anonymous_6)
FNDA:0,(anonymous_7)
FNDA:0,(anonymous_8)
FNDA:0,(anonymous_9)
FNDA:0,(anonymous_10)
FNDA:0,(anonymous_11)
FNDA:6,(anonymous_12)
DA:1,11
DA:2,11
DA:3,11
DA:4,11
DA:5,11
DA:6,11
DA:11,11
DA:15,11
DA:16,0
DA:17,0
DA:19,0
DA:20,0
DA:21,0
DA:22,0
DA:23,0
DA:25,0
DA:26,0
DA:27,0
DA:28,0
DA:29,0
DA:30,0
DA:35,0
DA:36,0
DA:38,0
DA:43,11
DA:44,0
DA:45,0
DA:46,0
DA:51,0
DA:52,0
DA:53,0
DA:54,0
DA:55,0
DA:57,0
DA:62,11
DA:63,0
DA:64,0
DA:65,0
DA:68,0
DA:69,0
DA:70,0
DA:71,0
DA:72,0
DA:73,0
DA:75,0
DA:76,0
DA:82,0
DA:84,0
DA:89,11
DA:90,0
DA:91,0
DA:92,0
DA:94,0
DA:95,0
DA:96,0
DA:97,0
DA:99,0
DA:100,0
DA:101,0
DA:102,0
DA:104,0
DA:105,0
DA:106,0
DA:107,0
DA:109,0
DA:110,0
DA:111,0
DA:112,0
DA:114,0
DA:115,0
DA:116,0
DA:119,0
DA:120,0
DA:122,0
DA:123,0
DA:125,0
DA:130,11
DA:131,0
DA:132,0
DA:133,0
DA:135,0
DA:136,0
DA:138,0
DA:143,11
DA:144,0
DA:145,0
DA:147,0
DA:148,0
DA:150,0
DA:151,0
DA:153,0
DA:155,0
DA:158,0
DA:159,0
DA:160,0
DA:163,0
DA:164,0
DA:165,0
DA:168,0
DA:169,0
DA:172,0
DA:175,0
DA:176,0
DA:177,0
DA:178,0
DA:180,0
DA:181,0
DA:185,0
DA:186,0
DA:196,0
DA:199,0
DA:206,0
DA:209,0
DA:210,0
DA:212,0
DA:217,11
DA:218,6
DA:219,6
DA:220,6
DA:221,5
DA:222,1
DA:227,4
DA:228,4
DA:229,4
DA:231,1
DA:232,1
DA:234,0
DA:237,3
DA:238,3
DA:247,1
DA:248,1
DA:250,0
DA:252,1
DA:255,2
DA:257,0
DA:262,11
LF:136
LH:31
BRDA:22,0,0,0
BRDA:22,0,1,0
BRDA:27,1,0,0
BRDA:27,1,1,0
BRDA:27,2,0,0
BRDA:27,2,1,0
BRDA:29,3,0,0
BRDA:29,3,1,0
BRDA:29,4,0,0
BRDA:29,4,1,0
BRDA:51,5,0,0
BRDA:51,5,1,0
BRDA:52,6,0,0
BRDA:52,6,1,0
BRDA:53,7,0,0
BRDA:53,7,1,0
BRDA:65,8,0,0
BRDA:65,8,1,0
BRDA:68,9,0,0
BRDA:68,9,1,0
BRDA:68,10,0,0
BRDA:68,10,1,0
BRDA:73,11,0,0
BRDA:73,11,1,0
BRDA:92,12,0,0
BRDA:92,12,1,0
BRDA:99,13,0,0
BRDA:99,13,1,0
BRDA:104,14,0,0
BRDA:104,14,1,0
BRDA:109,15,0,0
BRDA:109,15,1,0
BRDA:114,16,0,0
BRDA:114,16,1,0
BRDA:133,17,0,0
BRDA:133,17,1,0
BRDA:145,18,0,0
BRDA:145,18,1,0
BRDA:147,19,0,0
BRDA:147,19,1,0
BRDA:147,20,0,0
BRDA:147,20,1,0
BRDA:150,21,0,0
BRDA:150,21,1,0
BRDA:159,22,0,0
BRDA:159,22,1,0
BRDA:177,23,0,0
BRDA:177,23,1,0
BRDA:185,24,0,0
BRDA:185,24,1,0
BRDA:188,25,0,0
BRDA:188,25,1,0
BRDA:194,26,0,0
BRDA:194,26,1,0
BRDA:209,27,0,0
BRDA:209,27,1,0
BRDA:209,28,0,0
BRDA:209,28,1,0
BRDA:220,29,0,1
BRDA:220,29,1,5
BRDA:221,30,0,1
BRDA:221,30,1,4
BRDA:231,31,0,1
BRDA:231,31,1,0
BRDA:242,32,0,3
BRDA:242,32,1,0
BRF:66
BRH:6
end_of_record
TN:
SF:routes/meetings/email.js
FN:7,register
FN:9,(anonymous_1)
FNF:2
FNH:1
FNDA:11,register
FNDA:0,(anonymous_1)
DA:1,11
DA:2,11
DA:5,11
DA:9,11
DA:10,0
DA:11,0
DA:12,0
DA:13,0
DA:15,0
DA:16,0
DA:17,0
DA:21,0
DA:23,0
DA:30,0
DA:32,0
DA:37,11
LF:16
LH:5
BRDA:12,0,0,0
BRDA:12,0,1,0
BRDA:13,1,0,0
BRDA:13,1,1,0
BRDA:16,2,0,0
BRDA:16,2,1,0
BRDA:27,3,0,0
BRDA:27,3,1,0
BRF:8
BRH:0
end_of_record
TN:
SF:routes/meetings/helpers.js
FN:12,validateIdParam
FN:26,(anonymous_1)
FN:43,sanitizeFilename
FN:50,getMeetingById
FN:54,validateSpeakerMap
FN:75,readTranscriptParts
FNF:6
FNH:4
FNDA:15,validateIdParam
FNDA:0,(anonymous_1)
FNDA:0,sanitizeFilename
FNDA:28,getMeetingById
FNDA:13,validateSpeakerMap
FNDA:4,readTranscriptParts
DA:1,11
DA:2,11
DA:3,11
DA:4,11
DA:5,11
DA:7,11
DA:8,11
DA:9,11
DA:13,15
DA:14,15
DA:15,0
DA:17,15
DA:20,11
DA:27,0
DA:33,0
DA:34,0
DA:35,0
DA:36,0
DA:38,0
DA:44,0
DA:51,28
DA:55,13
DA:56,2
DA:58,11
DA:59,3
DA:61,8
DA:62,9
DA:63,1
DA:65,8
DA:66,0
DA:68,8
DA:69,1
DA:72,6
DA:76,4
DA:78,4
DA:79,0
DA:80,0
DA:81,0
DA:82,0
DA:83,0
DA:85,0
DA:86,0
DA:87,0
DA:88,0
DA:89,0
DA:90,0
DA:91,0
DA:93,0
DA:97,4
DA:98,0
DA:99,0
DA:100,0
DA:101,0
DA:102,0
DA:104,0
DA:105,0
DA:107,0
DA:111,4
DA:112,3
DA:113,3
DA:114,3
DA:115,3
DA:116,3
DA:118,3
DA:119,3
DA:120,3
DA:121,1
DA:122,1
DA:123,1
DA:124,1
DA:125,2
DA:126,2
DA:127,2
DA:128,2
DA:129,2
DA:131,0
DA:134,1
DA:135,1
DA:136,1
DA:137,2
DA:138,1
DA:141,0
DA:145,4
DA:148,11
LF:84
LH:52
BRDA:8,0,0,11
BRDA:8,0,1,11
BRDA:9,1,0,11
BRDA:9,1,1,11
BRDA:14,2,0,0
BRDA:14,2,1,15
BRDA:14,3,0,15
BRDA:14,3,1,15
BRDA:14,3,2,15
BRDA:35,4,0,0
BRDA:35,4,1,0
BRDA:35,5,0,0
BRDA:35,5,1,0
BRDA:55,6,0,2
BRDA:55,6,1,11
BRDA:55,7,0,13
BRDA:55,7,1,13
BRDA:55,7,2,11
BRDA:58,8,0,3
BRDA:58,8,1,8
BRDA:62,9,0,1
BRDA:62,9,1,8
BRDA:62,10,0,9
BRDA:62,10,1,8
BRDA:62,10,2,8
BRDA:65,11,0,0
BRDA:65,11,1,8
BRDA:68,12,0,1
BRDA:68,12,1,7
BRDA:78,13,0,0
BRDA:78,13,1,4
BRDA:83,14,0,0
BRDA:83,14,1,0
BRDA:89,15,0,0
BRDA:89,15,1,0
BRDA:97,16,0,0
BRDA:97,16,1,4
BRDA:102,17,0,0
BRDA:102,17,1,0
BRDA:111,18,0,3
BRDA:111,18,1,1
BRDA:116,19,0,0
BRDA:116,19,1,3
BRDA:120,20,0,1
BRDA:120,20,1,2
BRDA:120,21,0,3
BRDA:120,21,1,2
BRDA:125,22,0,2
BRDA:125,22,1,0
BRDA:126,23,0,2
BRDA:126,23,1,0
BRDA:127,24,0,1
BRDA:127,24,1,1
BRDA:129,25,0,2
BRDA:129,25,1,0
BRDA:131,26,0,0
BRDA:131,26,1,0
BRDA:134,27,0,1
BRDA:134,27,1,0
BRDA:137,28,0,1
BRDA:137,28,1,1
BRF:61
BRH:40
end_of_record
TN:
SF:routes/meetings/index.js
FNF:0
FNH:0
DA:1,11
DA:2,11
DA:3,11
DA:4,11
DA:5,11
DA:7,11
DA:8,11
DA:10,11
DA:11,11
DA:12,11
DA:14,11
LF:11
LH:11
BRF:0
BRH:0
end_of_record
TN:
SF:routes/meetings/report.js
FN:13,register
FN:15,(anonymous_1)
FN:78,(anonymous_2)
FN:124,(anonymous_3)
FN:153,(anonymous_4)
FN:172,(anonymous_5)
FN:211,(anonymous_6)
FN:245,(anonymous_7)
FN:284,(anonymous_8)
FN:357,(anonymous_9)
FNF:10
FNH:6
FNDA:11,register
FNDA:0,(anonymous_1)
FNDA:0,(anonymous_2)
FNDA:4,(anonymous_3)
FNDA:3,(anonymous_4)
FNDA:0,(anonymous_5)
FNDA:9,(anonymous_6)
FNDA:0,(anonymous_7)
FNDA:8,(anonymous_8)
FNDA:7,(anonymous_9)
DA:1,11
DA:2,11
DA:3,11
DA:4,11
DA:5,11
DA:11,11
DA:15,11
DA:16,0
DA:17,0
DA:20,0
DA:21,0
DA:23,0
DA:24,0
DA:28,0
DA:29,0
DA:30,0
DA:31,0
DA:32,0
DA:36,0
DA:37,0
DA:38,0
DA:40,0
DA:41,0
DA:44,0
DA:45,0
DA:46,0
DA:47,0
DA:48,0
DA:49,0
DA:51,0
DA:52,0
DA:54,0
DA:58,0
DA:59,0
DA:60,0
DA:61,0
DA:62,0
DA:64,0
DA:68,0
DA:69,0
DA:72,0
DA:75,0
DA:76,0
DA:77,0
DA:78,0
DA:80,0
DA:84,0
DA:85,0
DA:88,0
DA:89,0
DA:90,0
DA:92,0
DA:95,0
DA:96,0
DA:99,0
DA:100,0
DA:103,0
DA:117,0
DA:119,0
DA:124,11
DA:125,4
DA:126,4
DA:127,4
DA:128,4
DA:129,2
DA:132,2
DA:133,2
DA:135,1
DA:146,1
DA:148,0
DA:153,11
DA:154,3
DA:155,3
DA:156,3
DA:158,2
DA:160,2
DA:161,2
DA:162,1
DA:165,1
DA:166,1
DA:169,1
DA:170,1
DA:171,1
DA:172,1
DA:174,0
DA:177,1
DA:178,1
DA:180,1
DA:181,1
DA:182,0
DA:184,1
DA:186,1
DA:187,1
DA:189,1
DA:204,1
DA:206,0
DA:211,11
DA:212,9
DA:213,9
DA:214,9
DA:215,9
DA:216,5
DA:219,4
DA:220,4
DA:223,2
DA:234,2
DA:235,2
DA:236,1
DA:239,1
DA:240,1
DA:242,1
DA:243,1
DA:244,1
DA:245,1
DA:247,0
DA:250,1
DA:251,1
DA:253,1
DA:254,1
DA:255,0
DA:257,1
DA:259,1
DA:260,1
DA:262,1
DA:277,1
DA:279,0
DA:284,11
DA:285,8
DA:286,8
DA:287,8
DA:288,8
DA:289,1
DA:291,7
DA:292,1
DA:295,6
DA:296,6
DA:297,5
DA:300,4
DA:301,3
DA:302,3
DA:303,3
DA:305,3
DA:308,3
DA:317,3
DA:325,3
DA:326,3
DA:327,3
DA:328,3
DA:329,0
DA:330,0
DA:332,0
DA:336,3
DA:339,3
DA:350,3
DA:352,1
DA:357,11
DA:358,7
DA:359,7
DA:360,7
DA:361,6
DA:364,5
DA:365,5
DA:366,5
DA:367,5
DA:369,5
DA:371,5
DA:372,5
DA:373,1
DA:376,4
DA:380,4
DA:394,4
DA:395,4
DA:396,4
DA:407,4
DA:408,4
DA:410,4
DA:412,0
DA:417,11
LF:178
LH:115
BRDA:20,0,0,0
BRDA:20,0,1,0
BRDA:20,1,0,0
BRDA:20,1,1,0
BRDA:23,2,0,0
BRDA:23,2,1,0
BRDA:31,3,0,0
BRDA:31,3,1,0
BRDA:44,4,0,0
BRDA:44,4,1,0
BRDA:44,5,0,0
BRDA:44,5,1,0
BRDA:49,6,0,0
BRDA:49,6,1,0
BRDA:58,7,0,0
BRDA:58,7,1,0
BRDA:59,8,0,0
BRDA:59,8,1,0
BRDA:60,9,0,0
BRDA:60,9,1,0
BRDA:61,10,0,0
BRDA:61,10,1,0
BRDA:68,11,0,0
BRDA:68,11,1,0
BRDA:84,12,0,0
BRDA:84,12,1,0
BRDA:85,13,0,0
BRDA:85,13,1,0
BRDA:89,14,0,0
BRDA:89,14,1,0
BRDA:108,15,0,0
BRDA:108,15,1,0
BRDA:128,16,0,2
BRDA:128,16,1,2
BRDA:133,17,0,1
BRDA:133,17,1,1
BRDA:156,18,0,1
BRDA:156,18,1,2
BRDA:158,19,0,2
BRDA:158,19,1,1
BRDA:161,20,0,1
BRDA:161,20,1,1
BRDA:166,21,0,1
BRDA:166,21,1,0
BRDA:177,22,0,1
BRDA:177,22,1,1
BRDA:181,23,0,0
BRDA:181,23,1,1
BRDA:215,24,0,5
BRDA:215,24,1,4
BRDA:220,25,0,2
BRDA:220,25,1,2
BRDA:235,26,0,1
BRDA:235,26,1,1
BRDA:240,27,0,1
BRDA:240,27,1,0
BRDA:250,28,0,1
BRDA:250,28,1,1
BRDA:254,29,0,0
BRDA:254,29,1,1
BRDA:288,30,0,1
BRDA:288,30,1,7
BRDA:291,31,0,1
BRDA:291,31,1,6
BRDA:291,32,0,7
BRDA:291,32,1,6
BRDA:296,33,0,1
BRDA:296,33,1,5
BRDA:297,34,0,1
BRDA:297,34,1,4
BRDA:303,35,0,0
BRDA:303,35,1,3
BRDA:327,36,0,3
BRDA:327,36,1,0
BRDA:329,37,0,0
BRDA:329,37,1,0
BRDA:360,38,0,1
BRDA:360,38,1,6
BRDA:361,39,0,1
BRDA:361,39,1,5
BRDA:367,40,0,0
BRDA:367,40,1,5
BRDA:371,41,0,5
BRDA:371,41,1,2
BRDA:371,41,2,1
BRDA:372,42,0,1
BRDA:372,42,1,4
BRDA:376,43,0,4
BRDA:376,43,1,0
BRF:89
BRH:47
end_of_record
TN:
SF:services/bedrock.js
FN:12,getMeetingPrompt
FN:15,(anonymous_1)
FN:200,truncateTranscript
FN:225,invokeModel
FNF:4
FNH:4
FNDA:30,getMeetingPrompt
FNDA:2,(anonymous_1)
FNDA:1,truncateTranscript
FNDA:1,invokeModel
DA:4,11
DA:6,11
DA:10,11
DA:13,30
DA:14,30
DA:15,2
DA:16,1
DA:17,29
DA:18,3
DA:21,30
DA:25,30
DA:26,0
DA:29,0
DA:50,30
DA:51,6
DA:93,24
DA:94,2
DA:113,22
DA:114,6
DA:173,16
DA:201,1
DA:202,1
DA:205,1
DA:206,0
DA:207,0
DA:208,0
DA:209,0
DA:210,0
DA:214,1
DA:215,0
DA:216,0
DA:217,0
DA:218,0
DA:219,0
DA:222,1
DA:226,1
DA:227,1
DA:229,1
DA:242,1
DA:243,1
DA:246,11
LF:41
LH:29
BRDA:12,0,0,22
BRDA:12,1,0,26
BRDA:12,2,0,29
BRDA:14,3,0,1
BRDA:14,3,1,29
BRDA:14,4,0,30
BRDA:14,4,1,2
BRDA:17,5,0,3
BRDA:17,5,1,26
BRDA:21,6,0,2
BRDA:21,6,1,28
BRDA:25,7,0,0
BRDA:25,7,1,30
BRDA:26,8,0,0
BRDA:26,8,1,0
BRDA:50,9,0,6
BRDA:50,9,1,24
BRDA:93,10,0,2
BRDA:93,10,1,22
BRDA:113,11,0,6
BRDA:113,11,1,16
BRDA:205,12,0,0
BRDA:205,12,1,1
BRDA:205,13,0,1
BRDA:205,13,1,0
BRDA:214,14,0,0
BRDA:214,14,1,1
BRDA:214,15,0,1
BRDA:214,15,1,0
BRDA:225,16,0,0
BRDA:225,17,0,1
BRDA:225,18,0,1
BRDA:225,19,0,1
BRDA:225,20,0,1
BRF:34
BRH:26
end_of_record
TN:
SF:services/glossary-store.js
FN:11,listGlossary
FN:16,createGlossaryItem
FN:21,updateGlossaryItem
FN:33,deleteGlossaryItem
FNF:4
FNH:4
FNDA:3,listGlossary
FNDA:3,createGlossaryItem
FNDA:5,updateGlossaryItem
FNDA:3,deleteGlossaryItem
DA:1,4
DA:7,4
DA:9,4
DA:12,3
DA:13,2
DA:17,3
DA:18,2
DA:22,5
DA:30,4
DA:34,3
DA:40,4
LF:11
LH:11
BRDA:13,0,0,2
BRDA:13,0,1,1
BRDA:26,1,0,3
BRDA:26,1,1,2
BRF:4
BRH:4
end_of_record
TN:
SF:services/logger.js
FN:7,fmt
FN:13,(anonymous_1)
FN:14,(anonymous_2)
FN:15,(anonymous_3)
FNF:4
FNH:0
FNDA:0,fmt
FNDA:0,(anonymous_1)
FNDA:0,(anonymous_2)
FNDA:0,(anonymous_3)
DA:5,11
DA:8,0
DA:12,11
DA:13,0
DA:14,0
DA:15,0
DA:21,11
LF:7
LH:3
BRDA:5,0,0,11
BRDA:5,0,1,11
BRDA:7,1,0,0
BRDA:16,2,0,0
BRDA:16,2,1,0
BRF:5
BRH:2
end_of_record
TN:
SF:services/meeting-store.js
FN:13,listMeetings
FN:18,createMeeting
FN:23,updateMeeting
FN:35,deleteMeeting
FN:42,createMeetingFromUpload
FN:47,retryMeeting
FN:63,rollbackRetry
FN:78,getGlossaryItems
FN:86,saveReport
FN:94,updateMeetingReport
FN:104,markEmailSent
FN:116,queryMeetingById
FNF:12
FNH:12
FNDA:3,listMeetings
FNDA:3,createMeeting
FNDA:3,updateMeeting
FNDA:3,deleteMeeting
FNDA:3,createMeetingFromUpload
FNDA:7,retryMeeting
FNDA:4,rollbackRetry
FNDA:5,getGlossaryItems
FNDA:3,saveReport
FNDA:11,updateMeetingReport
FNDA:3,markEmailSent
FNDA:31,queryMeetingById
DA:1,12
DA:8,12
DA:10,12
DA:11,12
DA:14,3
DA:15,2
DA:19,3
DA:20,2
DA:24,3
DA:32,2
DA:36,3
DA:43,3
DA:44,2
DA:48,7
DA:64,4
DA:79,5
DA:83,4
DA:87,3
DA:91,2
DA:95,11
DA:105,3
DA:117,31
DA:125,30
DA:128,12
LF:24
LH:24
BRDA:11,0,0,12
BRDA:11,0,1,12
BRDA:15,1,0,2
BRDA:15,1,1,1
BRDA:28,2,0,2
BRDA:28,2,1,1
BRDA:83,3,0,4
BRDA:83,3,1,1
BRDA:99,4,0,3
BRDA:99,4,1,8
BRDA:99,5,0,11
BRDA:99,5,1,1
BRDA:125,6,0,30
BRDA:125,6,1,8
BRF:14
BRH:14
end_of_record
TN:
SF:services/s3.js
FN:7,uploadFile
FN:18,getFile
FNF:2
FNH:0
FNDA:0,uploadFile
FNDA:0,getFile
DA:1,6
DA:3,6
DA:4,6
DA:5,6
DA:8,0
DA:9,0
DA:15,0
DA:19,0
DA:20,0
DA:24,0
DA:27,6
LF:11
LH:5
BRDA:19,0,0,0
BRDA:19,0,1,0
BRF:2
BRH:0
end_of_record
